{"/Users/zacharymink/react-axl/src/components/AxioBus/AxioBus.jsx": {"path":"/Users/zacharymink/react-axl/src/components/AxioBus/AxioBus.jsx","statementMap":{"0":{"start":{"line":12,"column":16},"end":{"line":12,"column":109}},"1":{"start":{"line":12,"column":33},"end":{"line":12,"column":108}},"2":{"start":{"line":14,"column":16},"end":{"line":14,"column":53}},"3":{"start":{"line":23,"column":8},"end":{"line":23,"column":21}},"4":{"start":{"line":33,"column":18},"end":{"line":33,"column":20}},"5":{"start":{"line":34,"column":22},"end":{"line":34,"column":24}},"6":{"start":{"line":35,"column":27},"end":{"line":35,"column":29}},"7":{"start":{"line":36,"column":32},"end":{"line":36,"column":37}},"8":{"start":{"line":37,"column":8},"end":{"line":61,"column":10}},"9":{"start":{"line":38,"column":12},"end":{"line":60,"column":13}},"10":{"start":{"line":39,"column":16},"end":{"line":39,"column":41}},"11":{"start":{"line":40,"column":16},"end":{"line":40,"column":100}},"12":{"start":{"line":41,"column":16},"end":{"line":41,"column":33}},"13":{"start":{"line":42,"column":16},"end":{"line":47,"column":17}},"14":{"start":{"line":43,"column":20},"end":{"line":43,"column":65}},"15":{"start":{"line":44,"column":20},"end":{"line":44,"column":33}},"16":{"start":{"line":45,"column":20},"end":{"line":45,"column":38}},"17":{"start":{"line":46,"column":20},"end":{"line":46,"column":46}},"18":{"start":{"line":50,"column":16},"end":{"line":56,"column":17}},"19":{"start":{"line":51,"column":20},"end":{"line":51,"column":104}},"20":{"start":{"line":52,"column":20},"end":{"line":52,"column":65}},"21":{"start":{"line":53,"column":20},"end":{"line":53,"column":33}},"22":{"start":{"line":54,"column":20},"end":{"line":54,"column":38}},"23":{"start":{"line":55,"column":20},"end":{"line":55,"column":46}},"24":{"start":{"line":57,"column":31},"end":{"line":57,"column":52}},"25":{"start":{"line":58,"column":36},"end":{"line":58,"column":101}},"26":{"start":{"line":59,"column":16},"end":{"line":59,"column":171}},"27":{"start":{"line":63,"column":31},"end":{"line":63,"column":131}},"28":{"start":{"line":65,"column":8},"end":{"line":89,"column":9}},"29":{"start":{"line":94,"column":4},"end":{"line":94,"column":48}},"30":{"start":{"line":103,"column":21},"end":{"line":107,"column":6}},"31":{"start":{"line":104,"column":18},"end":{"line":104,"column":41}},"32":{"start":{"line":105,"column":28},"end":{"line":105,"column":65}},"33":{"start":{"line":106,"column":8},"end":{"line":106,"column":37}},"34":{"start":{"line":108,"column":18},"end":{"line":108,"column":47}},"35":{"start":{"line":109,"column":14},"end":{"line":109,"column":38}},"36":{"start":{"line":110,"column":4},"end":{"line":110,"column":181}},"37":{"start":{"line":114,"column":0},"end":{"line":122,"column":1}},"38":{"start":{"line":124,"column":0},"end":{"line":127,"column":1}}},"fnMap":{"0":{"name":"(anonymous_0)","decl":{"start":{"line":12,"column":27},"end":{"line":12,"column":28}},"loc":{"start":{"line":12,"column":33},"end":{"line":12,"column":108}},"line":12},"1":{"name":"(anonymous_1)","decl":{"start":{"line":22,"column":4},"end":{"line":22,"column":5}},"loc":{"start":{"line":22,"column":22},"end":{"line":30,"column":5}},"line":22},"2":{"name":"(anonymous_2)","decl":{"start":{"line":32,"column":4},"end":{"line":32,"column":5}},"loc":{"start":{"line":32,"column":12},"end":{"line":90,"column":5}},"line":32},"3":{"name":"(anonymous_3)","decl":{"start":{"line":37,"column":44},"end":{"line":37,"column":45}},"loc":{"start":{"line":37,"column":56},"end":{"line":61,"column":9}},"line":37},"4":{"name":"isSe","decl":{"start":{"line":93,"column":9},"end":{"line":93,"column":13}},"loc":{"start":{"line":93,"column":25},"end":{"line":95,"column":1}},"line":93},"5":{"name":"GenerateSeBp","decl":{"start":{"line":102,"column":9},"end":{"line":102,"column":21}},"loc":{"start":{"line":102,"column":42},"end":{"line":111,"column":1}},"line":102},"6":{"name":"(anonymous_6)","decl":{"start":{"line":103,"column":39},"end":{"line":103,"column":40}},"loc":{"start":{"line":103,"column":51},"end":{"line":107,"column":5}},"line":103}},"branchMap":{"0":{"loc":{"start":{"line":38,"column":12},"end":{"line":60,"column":13}},"type":"if","locations":[{"start":{"line":38,"column":12},"end":{"line":60,"column":13}},{"start":{"line":38,"column":12},"end":{"line":60,"column":13}}],"line":38},"1":{"loc":{"start":{"line":40,"column":34},"end":{"line":40,"column":99}},"type":"cond-expr","locations":[{"start":{"line":40,"column":57},"end":{"line":40,"column":91}},{"start":{"line":40,"column":94},"end":{"line":40,"column":98}}],"line":40},"2":{"loc":{"start":{"line":42,"column":16},"end":{"line":47,"column":17}},"type":"if","locations":[{"start":{"line":42,"column":16},"end":{"line":47,"column":17}},{"start":{"line":42,"column":16},"end":{"line":47,"column":17}}],"line":42},"3":{"loc":{"start":{"line":50,"column":16},"end":{"line":56,"column":17}},"type":"if","locations":[{"start":{"line":50,"column":16},"end":{"line":56,"column":17}},{"start":{"line":50,"column":16},"end":{"line":56,"column":17}}],"line":50},"4":{"loc":{"start":{"line":51,"column":38},"end":{"line":51,"column":103}},"type":"cond-expr","locations":[{"start":{"line":51,"column":61},"end":{"line":51,"column":95}},{"start":{"line":51,"column":98},"end":{"line":51,"column":102}}],"line":51},"5":{"loc":{"start":{"line":58,"column":36},"end":{"line":58,"column":101}},"type":"cond-expr","locations":[{"start":{"line":58,"column":59},"end":{"line":58,"column":93}},{"start":{"line":58,"column":96},"end":{"line":58,"column":100}}],"line":58},"6":{"loc":{"start":{"line":105,"column":28},"end":{"line":105,"column":65}},"type":"cond-expr","locations":[{"start":{"line":105,"column":37},"end":{"line":105,"column":57}},{"start":{"line":105,"column":60},"end":{"line":105,"column":64}}],"line":105}},"s":{"0":1,"1":0,"2":1,"3":3,"4":3,"5":3,"6":3,"7":3,"8":3,"9":11,"10":4,"11":4,"12":4,"13":4,"14":1,"15":1,"16":1,"17":1,"18":7,"19":0,"20":0,"21":0,"22":0,"23":0,"24":7,"25":7,"26":7,"27":3,"28":3,"29":11,"30":1,"31":4,"32":4,"33":4,"34":1,"35":1,"36":1,"37":1,"38":1},"f":{"0":0,"1":3,"2":3,"3":11,"4":11,"5":1,"6":4},"b":{"0":[4,7],"1":[0,4],"2":[1,3],"3":[0,7],"4":[0,0],"5":[0,7],"6":[4,0]},"_coverageSchema":"43e27e138ebf9cfc5966b082cf9a028302ed4184","hash":"97ee0d21c3f62cafce60de38123fd1c88143b0e5"}
,"/Users/zacharymink/react-axl/src/components/Controllers/load-controllers.js": {"path":"/Users/zacharymink/react-axl/src/components/Controllers/load-controllers.js","statementMap":{"0":{"start":{"line":12,"column":20},"end":{"line":14,"column":1}},"1":{"start":{"line":13,"column":54},"end":{"line":13,"column":130}}},"fnMap":{"0":{"name":"(anonymous_0)","decl":{"start":{"line":13,"column":48},"end":{"line":13,"column":49}},"loc":{"start":{"line":13,"column":54},"end":{"line":13,"column":130}},"line":13}},"branchMap":{},"s":{"0":1,"1":0},"f":{"0":0},"b":{},"_coverageSchema":"43e27e138ebf9cfc5966b082cf9a028302ed4184","hash":"1bd9e6f515116f52b12a3e92e14bbe3de786be4b"}
,"/Users/zacharymink/react-axl/src/components/Core/AxlColorID/AxlColorID.jsx": {"path":"/Users/zacharymink/react-axl/src/components/Core/AxlColorID/AxlColorID.jsx","statementMap":{"0":{"start":{"line":7,"column":8},"end":{"line":7,"column":20}},"1":{"start":{"line":11,"column":27},"end":{"line":12,"column":170}},"2":{"start":{"line":13,"column":8},"end":{"line":13,"column":49}}},"fnMap":{"0":{"name":"(anonymous_0)","decl":{"start":{"line":6,"column":4},"end":{"line":6,"column":5}},"loc":{"start":{"line":6,"column":22},"end":{"line":8,"column":5}},"line":6},"1":{"name":"(anonymous_1)","decl":{"start":{"line":10,"column":4},"end":{"line":10,"column":5}},"loc":{"start":{"line":10,"column":12},"end":{"line":14,"column":5}},"line":10}},"branchMap":{},"s":{"0":4,"1":4,"2":4},"f":{"0":4,"1":4},"b":{},"_coverageSchema":"43e27e138ebf9cfc5966b082cf9a028302ed4184","hash":"9512e12f0ee3b52824829977ef6de6fc3f47e8cc"}
,"/Users/zacharymink/react-axl/src/components/Core/AxlConnector/AxlConnector.jsx": {"path":"/Users/zacharymink/react-axl/src/components/Core/AxlConnector/AxlConnector.jsx","statementMap":{"0":{"start":{"line":12,"column":8},"end":{"line":12,"column":21}},"1":{"start":{"line":17,"column":21},"end":{"line":17,"column":64}},"2":{"start":{"line":18,"column":21},"end":{"line":18,"column":64}},"3":{"start":{"line":19,"column":31},"end":{"line":19,"column":59}},"4":{"start":{"line":20,"column":37},"end":{"line":20,"column":121}},"5":{"start":{"line":21,"column":24},"end":{"line":21,"column":158}},"6":{"start":{"line":22,"column":8},"end":{"line":43,"column":9}},"7":{"start":{"line":28,"column":32},"end":{"line":28,"column":57}},"8":{"start":{"line":29,"column":35},"end":{"line":29,"column":165}},"9":{"start":{"line":32,"column":24},"end":{"line":37,"column":31}},"10":{"start":{"line":35,"column":28},"end":{"line":35,"column":208}},"11":{"start":{"line":47,"column":0},"end":{"line":54,"column":1}},"12":{"start":{"line":64,"column":23},"end":{"line":64,"column":49}},"13":{"start":{"line":65,"column":28},"end":{"line":65,"column":41}},"14":{"start":{"line":69,"column":14},"end":{"line":69,"column":45}},"15":{"start":{"line":70,"column":4},"end":{"line":72,"column":6}},"16":{"start":{"line":71,"column":8},"end":{"line":71,"column":26}},"17":{"start":{"line":76,"column":4},"end":{"line":78,"column":10}}},"fnMap":{"0":{"name":"(anonymous_0)","decl":{"start":{"line":11,"column":4},"end":{"line":11,"column":5}},"loc":{"start":{"line":11,"column":22},"end":{"line":13,"column":5}},"line":11},"1":{"name":"(anonymous_1)","decl":{"start":{"line":15,"column":4},"end":{"line":15,"column":5}},"loc":{"start":{"line":15,"column":13},"end":{"line":44,"column":5}},"line":15},"2":{"name":"(anonymous_2)","decl":{"start":{"line":27,"column":29},"end":{"line":27,"column":30}},"loc":{"start":{"line":27,"column":41},"end":{"line":38,"column":21}},"line":27},"3":{"name":"(anonymous_3)","decl":{"start":{"line":34,"column":34},"end":{"line":34,"column":35}},"loc":{"start":{"line":34,"column":46},"end":{"line":36,"column":25}},"line":34},"4":{"name":"initArray","decl":{"start":{"line":68,"column":9},"end":{"line":68,"column":18}},"loc":{"start":{"line":68,"column":38},"end":{"line":73,"column":1}},"line":68},"5":{"name":"(anonymous_5)","decl":{"start":{"line":70,"column":19},"end":{"line":70,"column":20}},"loc":{"start":{"line":70,"column":30},"end":{"line":72,"column":5}},"line":70},"6":{"name":"Foot","decl":{"start":{"line":75,"column":9},"end":{"line":75,"column":13}},"loc":{"start":{"line":75,"column":20},"end":{"line":79,"column":1}},"line":75}},"branchMap":{"0":{"loc":{"start":{"line":21,"column":24},"end":{"line":21,"column":158}},"type":"cond-expr","locations":[{"start":{"line":21,"column":66},"end":{"line":21,"column":86}},{"start":{"line":21,"column":89},"end":{"line":21,"column":157}}],"line":21},"1":{"loc":{"start":{"line":29,"column":35},"end":{"line":29,"column":165}},"type":"cond-expr","locations":[{"start":{"line":29,"column":72},"end":{"line":29,"column":117}},{"start":{"line":29,"column":120},"end":{"line":29,"column":164}}],"line":29},"2":{"loc":{"start":{"line":76,"column":74},"end":{"line":76,"column":128}},"type":"cond-expr","locations":[{"start":{"line":76,"column":98},"end":{"line":76,"column":105}},{"start":{"line":76,"column":108},"end":{"line":76,"column":127}}],"line":76}},"s":{"0":9,"1":9,"2":9,"3":9,"4":9,"5":9,"6":9,"7":15,"8":15,"9":15,"10":60,"11":1,"12":1,"13":1,"14":24,"15":24,"16":120,"17":9},"f":{"0":9,"1":9,"2":15,"3":60,"4":24,"5":120,"6":9},"b":{"0":[0,9],"1":[0,15],"2":[3,6]},"_coverageSchema":"43e27e138ebf9cfc5966b082cf9a028302ed4184","hash":"98669c44afd921a1c6311b5f093d7ee918b98627"}
,"/Users/zacharymink/react-axl/src/components/Core/AxlLatch/AxlLatch.jsx": {"path":"/Users/zacharymink/react-axl/src/components/Core/AxlLatch/AxlLatch.jsx","statementMap":{"0":{"start":{"line":7,"column":8},"end":{"line":7,"column":20}},"1":{"start":{"line":11,"column":25},"end":{"line":11,"column":108}},"2":{"start":{"line":12,"column":25},"end":{"line":12,"column":65}},"3":{"start":{"line":13,"column":28},"end":{"line":13,"column":71}},"4":{"start":{"line":14,"column":27},"end":{"line":14,"column":98}},"5":{"start":{"line":15,"column":8},"end":{"line":21,"column":23}}},"fnMap":{"0":{"name":"(anonymous_0)","decl":{"start":{"line":6,"column":4},"end":{"line":6,"column":5}},"loc":{"start":{"line":6,"column":22},"end":{"line":8,"column":5}},"line":6},"1":{"name":"(anonymous_1)","decl":{"start":{"line":10,"column":4},"end":{"line":10,"column":5}},"loc":{"start":{"line":10,"column":12},"end":{"line":22,"column":5}},"line":10}},"branchMap":{},"s":{"0":9,"1":9,"2":9,"3":9,"4":9,"5":9},"f":{"0":9,"1":9},"b":{},"_coverageSchema":"43e27e138ebf9cfc5966b082cf9a028302ed4184","hash":"440396f43f5cd397586ef608a1580288b957f0a8"}
,"/Users/zacharymink/react-axl/src/components/Core/AxlLed/AxlLed.jsx": {"path":"/Users/zacharymink/react-axl/src/components/Core/AxlLed/AxlLed.jsx","statementMap":{"0":{"start":{"line":7,"column":8},"end":{"line":7,"column":20}},"1":{"start":{"line":11,"column":25},"end":{"line":11,"column":166}},"2":{"start":{"line":12,"column":8},"end":{"line":13,"column":19}}},"fnMap":{"0":{"name":"(anonymous_0)","decl":{"start":{"line":6,"column":4},"end":{"line":6,"column":5}},"loc":{"start":{"line":6,"column":22},"end":{"line":8,"column":5}},"line":6},"1":{"name":"(anonymous_1)","decl":{"start":{"line":10,"column":4},"end":{"line":10,"column":5}},"loc":{"start":{"line":10,"column":12},"end":{"line":15,"column":5}},"line":10}},"branchMap":{},"s":{"0":64,"1":64,"2":64},"f":{"0":64,"1":64},"b":{},"_coverageSchema":"43e27e138ebf9cfc5966b082cf9a028302ed4184","hash":"12e3f1af0ec3095714321eed743ea90aa60bb85b"}
,"/Users/zacharymink/react-axl/src/components/Core/AxlLedGroup/AxlLedGroup.jsx": {"path":"/Users/zacharymink/react-axl/src/components/Core/AxlLedGroup/AxlLedGroup.jsx","statementMap":{"0":{"start":{"line":8,"column":8},"end":{"line":8,"column":20}},"1":{"start":{"line":13,"column":8},"end":{"line":30,"column":23}},"2":{"start":{"line":16,"column":43},"end":{"line":16,"column":51}},"3":{"start":{"line":17,"column":21},"end":{"line":26,"column":28}},"4":{"start":{"line":34,"column":0},"end":{"line":36,"column":1}}},"fnMap":{"0":{"name":"(anonymous_0)","decl":{"start":{"line":7,"column":4},"end":{"line":7,"column":5}},"loc":{"start":{"line":7,"column":22},"end":{"line":9,"column":5}},"line":7},"1":{"name":"(anonymous_1)","decl":{"start":{"line":11,"column":4},"end":{"line":11,"column":5}},"loc":{"start":{"line":11,"column":12},"end":{"line":31,"column":5}},"line":11},"2":{"name":"(anonymous_2)","decl":{"start":{"line":15,"column":37},"end":{"line":15,"column":38}},"loc":{"start":{"line":15,"column":50},"end":{"line":28,"column":18}},"line":15}},"branchMap":{},"s":{"0":15,"1":15,"2":60,"3":60,"4":1},"f":{"0":15,"1":15,"2":60},"b":{},"_coverageSchema":"43e27e138ebf9cfc5966b082cf9a028302ed4184","hash":"593638c98f0ea2c666a94d5bcd1b254a0ca1dfa4"}
,"/Users/zacharymink/react-axl/src/components/Core/AxlModule/AxlModule.jsx": {"path":"/Users/zacharymink/react-axl/src/components/Core/AxlModule/AxlModule.jsx","statementMap":{"0":{"start":{"line":12,"column":8},"end":{"line":12,"column":20}},"1":{"start":{"line":14,"column":8},"end":{"line":14,"column":74}},"2":{"start":{"line":15,"column":8},"end":{"line":15,"column":34}},"3":{"start":{"line":18,"column":16},"end":{"line":20,"column":5}},"4":{"start":{"line":19,"column":8},"end":{"line":19,"column":52}},"5":{"start":{"line":22,"column":26},"end":{"line":36,"column":5}},"6":{"start":{"line":23,"column":8},"end":{"line":23,"column":85}},"7":{"start":{"line":24,"column":8},"end":{"line":33,"column":9}},"8":{"start":{"line":27,"column":16},"end":{"line":27,"column":22}},"9":{"start":{"line":30,"column":16},"end":{"line":30,"column":22}},"10":{"start":{"line":32,"column":16},"end":{"line":32,"column":22}},"11":{"start":{"line":35,"column":8},"end":{"line":35,"column":17}},"12":{"start":{"line":38,"column":13},"end":{"line":40,"column":5}},"13":{"start":{"line":39,"column":8},"end":{"line":39,"column":26}},"14":{"start":{"line":43,"column":138},"end":{"line":43,"column":148}},"15":{"start":{"line":45,"column":8},"end":{"line":45,"column":34}},"16":{"start":{"line":46,"column":26},"end":{"line":46,"column":44}},"17":{"start":{"line":47,"column":19},"end":{"line":47,"column":67}},"18":{"start":{"line":48,"column":24},"end":{"line":50,"column":10}},"19":{"start":{"line":49,"column":12},"end":{"line":49,"column":82}},"20":{"start":{"line":52,"column":8},"end":{"line":80,"column":15}},"21":{"start":{"line":84,"column":0},"end":{"line":93,"column":1}},"22":{"start":{"line":95,"column":0},"end":{"line":97,"column":1}},"23":{"start":{"line":101,"column":16},"end":{"line":101,"column":18}},"24":{"start":{"line":102,"column":21},"end":{"line":102,"column":46}},"25":{"start":{"line":103,"column":31},"end":{"line":103,"column":51}},"26":{"start":{"line":104,"column":22},"end":{"line":104,"column":117}},"27":{"start":{"line":105,"column":4},"end":{"line":107,"column":5}},"28":{"start":{"line":105,"column":15},"end":{"line":105,"column":16}},"29":{"start":{"line":106,"column":8},"end":{"line":106,"column":65}},"30":{"start":{"line":109,"column":4},"end":{"line":111,"column":11}},"31":{"start":{"line":117,"column":23},"end":{"line":117,"column":41}},"32":{"start":{"line":118,"column":22},"end":{"line":118,"column":46}},"33":{"start":{"line":119,"column":26},"end":{"line":119,"column":64}},"34":{"start":{"line":120,"column":29},"end":{"line":120,"column":52}},"35":{"start":{"line":121,"column":31},"end":{"line":121,"column":152}},"36":{"start":{"line":122,"column":18},"end":{"line":139,"column":6}},"37":{"start":{"line":123,"column":8},"end":{"line":138,"column":9}},"38":{"start":{"line":125,"column":12},"end":{"line":134,"column":13}},"39":{"start":{"line":126,"column":16},"end":{"line":126,"column":35}},"40":{"start":{"line":127,"column":16},"end":{"line":127,"column":27}},"41":{"start":{"line":128,"column":18},"end":{"line":134,"column":13}},"42":{"start":{"line":129,"column":16},"end":{"line":129,"column":27}},"43":{"start":{"line":130,"column":16},"end":{"line":130,"column":51}},"44":{"start":{"line":132,"column":16},"end":{"line":132,"column":51}},"45":{"start":{"line":133,"column":16},"end":{"line":133,"column":27}},"46":{"start":{"line":135,"column":12},"end":{"line":137,"column":19}},"47":{"start":{"line":140,"column":4},"end":{"line":145,"column":5}},"48":{"start":{"line":150,"column":4},"end":{"line":152,"column":5}},"49":{"start":{"line":156,"column":4},"end":{"line":158,"column":11}},"50":{"start":{"line":162,"column":15},"end":{"line":162,"column":17}},"51":{"start":{"line":163,"column":4},"end":{"line":165,"column":5}},"52":{"start":{"line":163,"column":15},"end":{"line":163,"column":16}},"53":{"start":{"line":164,"column":8},"end":{"line":164,"column":22}},"54":{"start":{"line":166,"column":4},"end":{"line":166,"column":15}},"55":{"start":{"line":171,"column":15},"end":{"line":171,"column":17}},"56":{"start":{"line":172,"column":4},"end":{"line":174,"column":5}},"57":{"start":{"line":172,"column":15},"end":{"line":172,"column":16}},"58":{"start":{"line":173,"column":8},"end":{"line":173,"column":21}},"59":{"start":{"line":175,"column":4},"end":{"line":175,"column":15}}},"fnMap":{"0":{"name":"(anonymous_0)","decl":{"start":{"line":11,"column":4},"end":{"line":11,"column":5}},"loc":{"start":{"line":11,"column":22},"end":{"line":16,"column":5}},"line":11},"1":{"name":"(anonymous_1)","decl":{"start":{"line":18,"column":16},"end":{"line":18,"column":17}},"loc":{"start":{"line":18,"column":22},"end":{"line":20,"column":5}},"line":18},"2":{"name":"(anonymous_2)","decl":{"start":{"line":22,"column":26},"end":{"line":22,"column":27}},"loc":{"start":{"line":22,"column":56},"end":{"line":36,"column":5}},"line":22},"3":{"name":"(anonymous_3)","decl":{"start":{"line":38,"column":13},"end":{"line":38,"column":14}},"loc":{"start":{"line":38,"column":20},"end":{"line":40,"column":5}},"line":38},"4":{"name":"(anonymous_4)","decl":{"start":{"line":42,"column":4},"end":{"line":42,"column":5}},"loc":{"start":{"line":42,"column":12},"end":{"line":81,"column":5}},"line":42},"5":{"name":"(anonymous_5)","decl":{"start":{"line":48,"column":53},"end":{"line":48,"column":54}},"loc":{"start":{"line":48,"column":70},"end":{"line":50,"column":9}},"line":48},"6":{"name":"Vents","decl":{"start":{"line":100,"column":9},"end":{"line":100,"column":14}},"loc":{"start":{"line":100,"column":21},"end":{"line":112,"column":1}},"line":100},"7":{"name":"Label","decl":{"start":{"line":116,"column":9},"end":{"line":116,"column":14}},"loc":{"start":{"line":116,"column":21},"end":{"line":146,"column":1}},"line":116},"8":{"name":"(anonymous_8)","decl":{"start":{"line":122,"column":35},"end":{"line":122,"column":36}},"loc":{"start":{"line":122,"column":50},"end":{"line":139,"column":5}},"line":122},"9":{"name":"Inset","decl":{"start":{"line":148,"column":9},"end":{"line":148,"column":14}},"loc":{"start":{"line":148,"column":21},"end":{"line":153,"column":1}},"line":148},"10":{"name":"LabelHolder","decl":{"start":{"line":155,"column":9},"end":{"line":155,"column":20}},"loc":{"start":{"line":155,"column":27},"end":{"line":159,"column":1}},"line":155},"11":{"name":"defaultTerminals","decl":{"start":{"line":161,"column":16},"end":{"line":161,"column":32}},"loc":{"start":{"line":161,"column":46},"end":{"line":168,"column":1}},"line":161},"12":{"name":"defaultLeds","decl":{"start":{"line":170,"column":16},"end":{"line":170,"column":27}},"loc":{"start":{"line":170,"column":36},"end":{"line":176,"column":1}},"line":170}},"branchMap":{"0":{"loc":{"start":{"line":14,"column":29},"end":{"line":14,"column":73}},"type":"cond-expr","locations":[{"start":{"line":14,"column":49},"end":{"line":14,"column":70}},{"start":{"line":14,"column":72},"end":{"line":14,"column":73}}],"line":14},"1":{"loc":{"start":{"line":24,"column":8},"end":{"line":33,"column":9}},"type":"switch","locations":[{"start":{"line":25,"column":12},"end":{"line":27,"column":22}},{"start":{"line":28,"column":12},"end":{"line":30,"column":22}},{"start":{"line":31,"column":12},"end":{"line":32,"column":22}}],"line":24},"2":{"loc":{"start":{"line":47,"column":19},"end":{"line":47,"column":67}},"type":"cond-expr","locations":[{"start":{"line":47,"column":46},"end":{"line":47,"column":58}},{"start":{"line":47,"column":59},"end":{"line":47,"column":67}}],"line":47},"3":{"loc":{"start":{"line":54,"column":17},"end":{"line":71,"column":30}},"type":"cond-expr","locations":[{"start":{"line":55,"column":17},"end":{"line":71,"column":22}},{"start":{"line":71,"column":25},"end":{"line":71,"column":29}}],"line":54},"4":{"loc":{"start":{"line":54,"column":19},"end":{"line":54,"column":48}},"type":"binary-expr","locations":[{"start":{"line":54,"column":19},"end":{"line":54,"column":35}},{"start":{"line":54,"column":39},"end":{"line":54,"column":48}}],"line":54},"5":{"loc":{"start":{"line":123,"column":8},"end":{"line":138,"column":9}},"type":"if","locations":[{"start":{"line":123,"column":8},"end":{"line":138,"column":9}},{"start":{"line":123,"column":8},"end":{"line":138,"column":9}}],"line":123},"6":{"loc":{"start":{"line":125,"column":12},"end":{"line":134,"column":13}},"type":"if","locations":[{"start":{"line":125,"column":12},"end":{"line":134,"column":13}},{"start":{"line":125,"column":12},"end":{"line":134,"column":13}}],"line":125},"7":{"loc":{"start":{"line":128,"column":18},"end":{"line":134,"column":13}},"type":"if","locations":[{"start":{"line":128,"column":18},"end":{"line":134,"column":13}},{"start":{"line":128,"column":18},"end":{"line":134,"column":13}}],"line":128}},"s":{"0":4,"1":4,"2":4,"3":4,"4":10,"5":4,"6":9,"7":9,"8":3,"9":6,"10":0,"11":9,"12":4,"13":0,"14":4,"15":4,"16":4,"17":4,"18":4,"19":9,"20":4,"21":1,"22":1,"23":6,"24":6,"25":6,"26":6,"27":6,"28":6,"29":30,"30":6,"31":3,"32":3,"33":3,"34":3,"35":3,"36":3,"37":15,"38":15,"39":3,"40":3,"41":12,"42":3,"43":3,"44":9,"45":9,"46":15,"47":3,"48":4,"49":3,"50":1,"51":1,"52":1,"53":12,"54":1,"55":1,"56":1,"57":1,"58":12,"59":1},"f":{"0":4,"1":10,"2":9,"3":0,"4":4,"5":9,"6":6,"7":3,"8":15,"9":4,"10":3,"11":1,"12":1},"b":{"0":[3,1],"1":[3,6,0],"2":[0,4],"3":[3,1],"4":[4,4],"5":[15,0],"6":[3,12],"7":[3,9]},"_coverageSchema":"43e27e138ebf9cfc5966b082cf9a028302ed4184","hash":"3e14beda85919ff84694a2a1713c06aa8f411a6d"}
,"/Users/zacharymink/react-axl/src/components/Core/AxlPlunger/AxlPlunger.jsx": {"path":"/Users/zacharymink/react-axl/src/components/Core/AxlPlunger/AxlPlunger.jsx","statementMap":{"0":{"start":{"line":7,"column":8},"end":{"line":7,"column":20}},"1":{"start":{"line":11,"column":29},"end":{"line":11,"column":195}},"2":{"start":{"line":12,"column":8},"end":{"line":14,"column":19}}},"fnMap":{"0":{"name":"(anonymous_0)","decl":{"start":{"line":6,"column":4},"end":{"line":6,"column":5}},"loc":{"start":{"line":6,"column":22},"end":{"line":8,"column":5}},"line":6},"1":{"name":"(anonymous_1)","decl":{"start":{"line":10,"column":4},"end":{"line":10,"column":5}},"loc":{"start":{"line":10,"column":12},"end":{"line":16,"column":5}},"line":10}},"branchMap":{},"s":{"0":60,"1":60,"2":60},"f":{"0":60,"1":60},"b":{},"_coverageSchema":"43e27e138ebf9cfc5966b082cf9a028302ed4184","hash":"03269ebec38047ff8e58c9de9a4fbf3e09a8695d"}
,"/Users/zacharymink/react-axl/src/components/Core/AxlTerminal/AxlTerminal.jsx": {"path":"/Users/zacharymink/react-axl/src/components/Core/AxlTerminal/AxlTerminal.jsx","statementMap":{"0":{"start":{"line":8,"column":8},"end":{"line":8,"column":20}},"1":{"start":{"line":12,"column":27},"end":{"line":12,"column":89}},"2":{"start":{"line":13,"column":26},"end":{"line":13,"column":86}},"3":{"start":{"line":14,"column":27},"end":{"line":14,"column":99}},"4":{"start":{"line":15,"column":8},"end":{"line":39,"column":9}},"5":{"start":{"line":16,"column":12},"end":{"line":27,"column":13}},"6":{"start":{"line":29,"column":12},"end":{"line":38,"column":12}},"7":{"start":{"line":43,"column":0},"end":{"line":46,"column":1}}},"fnMap":{"0":{"name":"(anonymous_0)","decl":{"start":{"line":7,"column":4},"end":{"line":7,"column":5}},"loc":{"start":{"line":7,"column":22},"end":{"line":9,"column":5}},"line":7},"1":{"name":"(anonymous_1)","decl":{"start":{"line":11,"column":4},"end":{"line":11,"column":5}},"loc":{"start":{"line":11,"column":12},"end":{"line":40,"column":5}},"line":11}},"branchMap":{"0":{"loc":{"start":{"line":15,"column":8},"end":{"line":39,"column":9}},"type":"if","locations":[{"start":{"line":15,"column":8},"end":{"line":39,"column":9}},{"start":{"line":15,"column":8},"end":{"line":39,"column":9}}],"line":15}},"s":{"0":60,"1":60,"2":60,"3":60,"4":60,"5":12,"6":48,"7":1},"f":{"0":60,"1":60},"b":{"0":[12,48]},"_coverageSchema":"43e27e138ebf9cfc5966b082cf9a028302ed4184","hash":"a0d2d46ebae5a23924cb452ea3b812d2590f037e"}
,"/Users/zacharymink/react-axl/src/components/Core/AxlTerminalGroup/AxlTerminalGroup.jsx": {"path":"/Users/zacharymink/react-axl/src/components/Core/AxlTerminalGroup/AxlTerminalGroup.jsx","statementMap":{"0":{"start":{"line":9,"column":8},"end":{"line":9,"column":20}},"1":{"start":{"line":14,"column":8},"end":{"line":29,"column":16}}},"fnMap":{"0":{"name":"(anonymous_0)","decl":{"start":{"line":8,"column":4},"end":{"line":8,"column":5}},"loc":{"start":{"line":8,"column":22},"end":{"line":10,"column":5}},"line":8},"1":{"name":"(anonymous_1)","decl":{"start":{"line":12,"column":4},"end":{"line":12,"column":5}},"loc":{"start":{"line":12,"column":12},"end":{"line":30,"column":5}},"line":12}},"branchMap":{},"s":{"0":60,"1":60},"f":{"0":60,"1":60},"b":{},"_coverageSchema":"43e27e138ebf9cfc5966b082cf9a028302ed4184","hash":"68d2dfff03bb65c99baec8bc97b27d675f3eb813"}
,"/Users/zacharymink/react-axl/src/components/Core/PhoenixBrand/PhoenixBrand.jsx": {"path":"/Users/zacharymink/react-axl/src/components/Core/PhoenixBrand/PhoenixBrand.jsx","statementMap":{"0":{"start":{"line":4,"column":4},"end":{"line":4,"column":6716}}},"fnMap":{"0":{"name":"PhoenixBrand","decl":{"start":{"line":3,"column":24},"end":{"line":3,"column":36}},"loc":{"start":{"line":3,"column":43},"end":{"line":5,"column":1}},"line":3}},"branchMap":{},"s":{"0":1},"f":{"0":1},"b":{},"_coverageSchema":"43e27e138ebf9cfc5966b082cf9a028302ed4184","hash":"fee2a5327e70a7f955eaad88b451a3fe4769a513"}
,"/Users/zacharymink/react-axl/src/components/Core/PhoenixP/PhoenixP.jsx": {"path":"/Users/zacharymink/react-axl/src/components/Core/PhoenixP/PhoenixP.jsx","statementMap":{"0":{"start":{"line":4,"column":4},"end":{"line":9,"column":9}}},"fnMap":{"0":{"name":"PhoenixP","decl":{"start":{"line":3,"column":24},"end":{"line":3,"column":32}},"loc":{"start":{"line":3,"column":39},"end":{"line":10,"column":1}},"line":3}},"branchMap":{},"s":{"0":3},"f":{"0":3},"b":{},"_coverageSchema":"43e27e138ebf9cfc5966b082cf9a028302ed4184","hash":"63d54c8ad83cf01b8a1bdfeffb5edd6b2a047645"}
,"/Users/zacharymink/react-axl/src/components/Core/SeConnector/SeConnector.jsx": {"path":"/Users/zacharymink/react-axl/src/components/Core/SeConnector/SeConnector.jsx","statementMap":{"0":{"start":{"line":6,"column":4},"end":{"line":16,"column":11}}},"fnMap":{"0":{"name":"SeConnector","decl":{"start":{"line":5,"column":24},"end":{"line":5,"column":35}},"loc":{"start":{"line":5,"column":42},"end":{"line":17,"column":1}},"line":5}},"branchMap":{},"s":{"0":2},"f":{"0":2},"b":{},"_coverageSchema":"43e27e138ebf9cfc5966b082cf9a028302ed4184","hash":"d1696667f5c2de191c048c8ef2c11770cb662f38"}
,"/Users/zacharymink/react-axl/src/components/Core/SeLed/SeLed.jsx": {"path":"/Users/zacharymink/react-axl/src/components/Core/SeLed/SeLed.jsx","statementMap":{"0":{"start":{"line":7,"column":8},"end":{"line":7,"column":20}},"1":{"start":{"line":11,"column":25},"end":{"line":11,"column":204}},"2":{"start":{"line":12,"column":8},"end":{"line":13,"column":19}}},"fnMap":{"0":{"name":"(anonymous_0)","decl":{"start":{"line":6,"column":4},"end":{"line":6,"column":5}},"loc":{"start":{"line":6,"column":22},"end":{"line":8,"column":5}},"line":6},"1":{"name":"(anonymous_1)","decl":{"start":{"line":10,"column":4},"end":{"line":10,"column":5}},"loc":{"start":{"line":10,"column":12},"end":{"line":15,"column":5}},"line":10}},"branchMap":{},"s":{"0":51,"1":51,"2":51},"f":{"0":51,"1":51},"b":{},"_coverageSchema":"43e27e138ebf9cfc5966b082cf9a028302ed4184","hash":"3ae782eff2ceae02f6c5e197867f774ab9062193"}
,"/Users/zacharymink/react-axl/src/components/Core/SeLock/SeLock.jsx": {"path":"/Users/zacharymink/react-axl/src/components/Core/SeLock/SeLock.jsx","statementMap":{"0":{"start":{"line":6,"column":4},"end":{"line":9,"column":11}}},"fnMap":{"0":{"name":"SeLock","decl":{"start":{"line":5,"column":24},"end":{"line":5,"column":30}},"loc":{"start":{"line":5,"column":32},"end":{"line":10,"column":1}},"line":5}},"branchMap":{},"s":{"0":3},"f":{"0":3},"b":{},"_coverageSchema":"43e27e138ebf9cfc5966b082cf9a028302ed4184","hash":"c99a77cc87bb032a5c6aec61ec75a9bbd799aaad"}
,"/Users/zacharymink/react-axl/src/components/Core/SeModule/SeModule.jsx": {"path":"/Users/zacharymink/react-axl/src/components/Core/SeModule/SeModule.jsx","statementMap":{"0":{"start":{"line":8,"column":67},"end":{"line":8,"column":72}},"1":{"start":{"line":9,"column":4},"end":{"line":15,"column":11}},"2":{"start":{"line":18,"column":0},"end":{"line":22,"column":1}},"3":{"start":{"line":24,"column":0},"end":{"line":26,"column":1}},"4":{"start":{"line":29,"column":4},"end":{"line":34,"column":12}},"5":{"start":{"line":31,"column":27},"end":{"line":31,"column":58}},"6":{"start":{"line":32,"column":12},"end":{"line":32,"column":174}}},"fnMap":{"0":{"name":"SeModule","decl":{"start":{"line":7,"column":24},"end":{"line":7,"column":32}},"loc":{"start":{"line":7,"column":39},"end":{"line":16,"column":1}},"line":7},"1":{"name":"LedArea","decl":{"start":{"line":28,"column":9},"end":{"line":28,"column":16}},"loc":{"start":{"line":28,"column":23},"end":{"line":36,"column":1}},"line":28},"2":{"name":"(anonymous_2)","decl":{"start":{"line":30,"column":28},"end":{"line":30,"column":29}},"loc":{"start":{"line":30,"column":43},"end":{"line":33,"column":9}},"line":30}},"branchMap":{"0":{"loc":{"start":{"line":31,"column":27},"end":{"line":31,"column":58}},"type":"binary-expr","locations":[{"start":{"line":31,"column":28},"end":{"line":31,"column":39}},{"start":{"line":31,"column":45},"end":{"line":31,"column":57}}],"line":31},"1":{"loc":{"start":{"line":32,"column":19},"end":{"line":32,"column":174}},"type":"cond-expr","locations":[{"start":{"line":32,"column":36},"end":{"line":32,"column":63}},{"start":{"line":32,"column":66},"end":{"line":32,"column":173}}],"line":32}},"s":{"0":3,"1":3,"2":1,"3":1,"4":3,"5":54,"6":54},"f":{"0":3,"1":3,"2":54},"b":{"0":[54,51],"1":[3,51]},"_coverageSchema":"43e27e138ebf9cfc5966b082cf9a028302ed4184","hash":"b2dda6b168d7686f116daa78e76a167b060f93db"}
,"/Users/zacharymink/react-axl/src/components/Core/SePlunger/SePlunger.jsx": {"path":"/Users/zacharymink/react-axl/src/components/Core/SePlunger/SePlunger.jsx","statementMap":{"0":{"start":{"line":7,"column":8},"end":{"line":7,"column":20}},"1":{"start":{"line":11,"column":29},"end":{"line":11,"column":195}},"2":{"start":{"line":12,"column":8},"end":{"line":14,"column":19}}},"fnMap":{"0":{"name":"(anonymous_0)","decl":{"start":{"line":6,"column":4},"end":{"line":6,"column":5}},"loc":{"start":{"line":6,"column":22},"end":{"line":8,"column":5}},"line":6},"1":{"name":"(anonymous_1)","decl":{"start":{"line":10,"column":4},"end":{"line":10,"column":5}},"loc":{"start":{"line":10,"column":12},"end":{"line":16,"column":5}},"line":10}},"branchMap":{},"s":{"0":16,"1":16,"2":16},"f":{"0":16,"1":16},"b":{},"_coverageSchema":"43e27e138ebf9cfc5966b082cf9a028302ed4184","hash":"01b3e60a76b82c1945844120769167ad62449b02"}
,"/Users/zacharymink/react-axl/src/components/Core/SeTerminal/SeTerminal.jsx": {"path":"/Users/zacharymink/react-axl/src/components/Core/SeTerminal/SeTerminal.jsx","statementMap":{"0":{"start":{"line":8,"column":8},"end":{"line":8,"column":20}},"1":{"start":{"line":12,"column":27},"end":{"line":12,"column":90}},"2":{"start":{"line":13,"column":26},"end":{"line":13,"column":87}},"3":{"start":{"line":14,"column":27},"end":{"line":14,"column":100}},"4":{"start":{"line":15,"column":8},"end":{"line":39,"column":9}},"5":{"start":{"line":16,"column":12},"end":{"line":27,"column":13}},"6":{"start":{"line":29,"column":12},"end":{"line":38,"column":12}},"7":{"start":{"line":43,"column":0},"end":{"line":46,"column":1}}},"fnMap":{"0":{"name":"(anonymous_0)","decl":{"start":{"line":7,"column":4},"end":{"line":7,"column":5}},"loc":{"start":{"line":7,"column":22},"end":{"line":9,"column":5}},"line":7},"1":{"name":"(anonymous_1)","decl":{"start":{"line":11,"column":4},"end":{"line":11,"column":5}},"loc":{"start":{"line":11,"column":12},"end":{"line":40,"column":5}},"line":11}},"branchMap":{"0":{"loc":{"start":{"line":15,"column":8},"end":{"line":39,"column":9}},"type":"if","locations":[{"start":{"line":15,"column":8},"end":{"line":39,"column":9}},{"start":{"line":15,"column":8},"end":{"line":39,"column":9}}],"line":15}},"s":{"0":16,"1":16,"2":16,"3":16,"4":16,"5":0,"6":16,"7":1},"f":{"0":16,"1":16},"b":{"0":[0,16]},"_coverageSchema":"43e27e138ebf9cfc5966b082cf9a028302ed4184","hash":"7ead42fd38def02cf5fb3c3ee15723b49e6c4f6d"}
,"/Users/zacharymink/react-axl/src/components/Core/SeTerminalGroup/SeTerminalGroup.jsx": {"path":"/Users/zacharymink/react-axl/src/components/Core/SeTerminalGroup/SeTerminalGroup.jsx","statementMap":{"0":{"start":{"line":9,"column":4},"end":{"line":13,"column":11}},"1":{"start":{"line":16,"column":0},"end":{"line":19,"column":1}}},"fnMap":{"0":{"name":"SeTerminalGroup","decl":{"start":{"line":7,"column":24},"end":{"line":7,"column":39}},"loc":{"start":{"line":7,"column":46},"end":{"line":14,"column":1}},"line":7}},"branchMap":{"0":{"loc":{"start":{"line":9,"column":11},"end":{"line":13,"column":11}},"type":"cond-expr","locations":[{"start":{"line":9,"column":25},"end":{"line":11,"column":10}},{"start":{"line":11,"column":13},"end":{"line":13,"column":10}}],"line":9}},"s":{"0":16,"1":1},"f":{"0":16},"b":{"0":[8,8]},"_coverageSchema":"43e27e138ebf9cfc5966b082cf9a028302ed4184","hash":"7f14e11d003ba658255e6db6ea3e691513e8af1b"}
,"/Users/zacharymink/react-axl/src/components/Modules/load-modules.js": {"path":"/Users/zacharymink/react-axl/src/components/Modules/load-modules.js","statementMap":{"0":{"start":{"line":12,"column":16},"end":{"line":38,"column":1}},"1":{"start":{"line":13,"column":56},"end":{"line":13,"column":159}},"2":{"start":{"line":14,"column":56},"end":{"line":14,"column":153}},"3":{"start":{"line":15,"column":56},"end":{"line":15,"column":153}},"4":{"start":{"line":16,"column":56},"end":{"line":16,"column":138}},"5":{"start":{"line":17,"column":56},"end":{"line":17,"column":147}},"6":{"start":{"line":18,"column":56},"end":{"line":18,"column":150}},"7":{"start":{"line":19,"column":56},"end":{"line":19,"column":150}},"8":{"start":{"line":20,"column":56},"end":{"line":20,"column":156}},"9":{"start":{"line":21,"column":56},"end":{"line":21,"column":153}},"10":{"start":{"line":22,"column":56},"end":{"line":22,"column":150}},"11":{"start":{"line":23,"column":56},"end":{"line":23,"column":153}},"12":{"start":{"line":24,"column":56},"end":{"line":24,"column":147}},"13":{"start":{"line":25,"column":56},"end":{"line":25,"column":147}},"14":{"start":{"line":26,"column":56},"end":{"line":26,"column":147}},"15":{"start":{"line":27,"column":56},"end":{"line":27,"column":153}},"16":{"start":{"line":28,"column":56},"end":{"line":28,"column":147}},"17":{"start":{"line":29,"column":56},"end":{"line":29,"column":147}},"18":{"start":{"line":30,"column":56},"end":{"line":30,"column":145}},"19":{"start":{"line":31,"column":56},"end":{"line":31,"column":166}},"20":{"start":{"line":32,"column":56},"end":{"line":32,"column":160}},"21":{"start":{"line":33,"column":56},"end":{"line":33,"column":157}},"22":{"start":{"line":34,"column":56},"end":{"line":34,"column":151}},"23":{"start":{"line":35,"column":56},"end":{"line":35,"column":151}},"24":{"start":{"line":36,"column":56},"end":{"line":36,"column":166}},"25":{"start":{"line":37,"column":56},"end":{"line":37,"column":155}}},"fnMap":{"0":{"name":"(anonymous_0)","decl":{"start":{"line":13,"column":50},"end":{"line":13,"column":51}},"loc":{"start":{"line":13,"column":56},"end":{"line":13,"column":159}},"line":13},"1":{"name":"(anonymous_1)","decl":{"start":{"line":14,"column":50},"end":{"line":14,"column":51}},"loc":{"start":{"line":14,"column":56},"end":{"line":14,"column":153}},"line":14},"2":{"name":"(anonymous_2)","decl":{"start":{"line":15,"column":50},"end":{"line":15,"column":51}},"loc":{"start":{"line":15,"column":56},"end":{"line":15,"column":153}},"line":15},"3":{"name":"(anonymous_3)","decl":{"start":{"line":16,"column":50},"end":{"line":16,"column":51}},"loc":{"start":{"line":16,"column":56},"end":{"line":16,"column":138}},"line":16},"4":{"name":"(anonymous_4)","decl":{"start":{"line":17,"column":50},"end":{"line":17,"column":51}},"loc":{"start":{"line":17,"column":56},"end":{"line":17,"column":147}},"line":17},"5":{"name":"(anonymous_5)","decl":{"start":{"line":18,"column":50},"end":{"line":18,"column":51}},"loc":{"start":{"line":18,"column":56},"end":{"line":18,"column":150}},"line":18},"6":{"name":"(anonymous_6)","decl":{"start":{"line":19,"column":50},"end":{"line":19,"column":51}},"loc":{"start":{"line":19,"column":56},"end":{"line":19,"column":150}},"line":19},"7":{"name":"(anonymous_7)","decl":{"start":{"line":20,"column":50},"end":{"line":20,"column":51}},"loc":{"start":{"line":20,"column":56},"end":{"line":20,"column":156}},"line":20},"8":{"name":"(anonymous_8)","decl":{"start":{"line":21,"column":50},"end":{"line":21,"column":51}},"loc":{"start":{"line":21,"column":56},"end":{"line":21,"column":153}},"line":21},"9":{"name":"(anonymous_9)","decl":{"start":{"line":22,"column":50},"end":{"line":22,"column":51}},"loc":{"start":{"line":22,"column":56},"end":{"line":22,"column":150}},"line":22},"10":{"name":"(anonymous_10)","decl":{"start":{"line":23,"column":50},"end":{"line":23,"column":51}},"loc":{"start":{"line":23,"column":56},"end":{"line":23,"column":153}},"line":23},"11":{"name":"(anonymous_11)","decl":{"start":{"line":24,"column":50},"end":{"line":24,"column":51}},"loc":{"start":{"line":24,"column":56},"end":{"line":24,"column":147}},"line":24},"12":{"name":"(anonymous_12)","decl":{"start":{"line":25,"column":50},"end":{"line":25,"column":51}},"loc":{"start":{"line":25,"column":56},"end":{"line":25,"column":147}},"line":25},"13":{"name":"(anonymous_13)","decl":{"start":{"line":26,"column":50},"end":{"line":26,"column":51}},"loc":{"start":{"line":26,"column":56},"end":{"line":26,"column":147}},"line":26},"14":{"name":"(anonymous_14)","decl":{"start":{"line":27,"column":50},"end":{"line":27,"column":51}},"loc":{"start":{"line":27,"column":56},"end":{"line":27,"column":153}},"line":27},"15":{"name":"(anonymous_15)","decl":{"start":{"line":28,"column":50},"end":{"line":28,"column":51}},"loc":{"start":{"line":28,"column":56},"end":{"line":28,"column":147}},"line":28},"16":{"name":"(anonymous_16)","decl":{"start":{"line":29,"column":50},"end":{"line":29,"column":51}},"loc":{"start":{"line":29,"column":56},"end":{"line":29,"column":147}},"line":29},"17":{"name":"(anonymous_17)","decl":{"start":{"line":30,"column":50},"end":{"line":30,"column":51}},"loc":{"start":{"line":30,"column":56},"end":{"line":30,"column":145}},"line":30},"18":{"name":"(anonymous_18)","decl":{"start":{"line":31,"column":50},"end":{"line":31,"column":51}},"loc":{"start":{"line":31,"column":56},"end":{"line":31,"column":166}},"line":31},"19":{"name":"(anonymous_19)","decl":{"start":{"line":32,"column":50},"end":{"line":32,"column":51}},"loc":{"start":{"line":32,"column":56},"end":{"line":32,"column":160}},"line":32},"20":{"name":"(anonymous_20)","decl":{"start":{"line":33,"column":50},"end":{"line":33,"column":51}},"loc":{"start":{"line":33,"column":56},"end":{"line":33,"column":157}},"line":33},"21":{"name":"(anonymous_21)","decl":{"start":{"line":34,"column":50},"end":{"line":34,"column":51}},"loc":{"start":{"line":34,"column":56},"end":{"line":34,"column":151}},"line":34},"22":{"name":"(anonymous_22)","decl":{"start":{"line":35,"column":50},"end":{"line":35,"column":51}},"loc":{"start":{"line":35,"column":56},"end":{"line":35,"column":151}},"line":35},"23":{"name":"(anonymous_23)","decl":{"start":{"line":36,"column":50},"end":{"line":36,"column":51}},"loc":{"start":{"line":36,"column":56},"end":{"line":36,"column":166}},"line":36},"24":{"name":"(anonymous_24)","decl":{"start":{"line":37,"column":50},"end":{"line":37,"column":51}},"loc":{"start":{"line":37,"column":56},"end":{"line":37,"column":155}},"line":37}},"branchMap":{},"s":{"0":1,"1":0,"2":0,"3":0,"4":0,"5":0,"6":0,"7":0,"8":0,"9":0,"10":0,"11":0,"12":0,"13":0,"14":0,"15":0,"16":0,"17":0,"18":0,"19":0,"20":0,"21":0,"22":0,"23":0,"24":0,"25":0},"f":{"0":0,"1":0,"2":0,"3":0,"4":0,"5":0,"6":0,"7":0,"8":0,"9":0,"10":0,"11":0,"12":0,"13":0,"14":0,"15":0,"16":0,"17":0,"18":0,"19":0,"20":0,"21":0,"22":0,"23":0,"24":0},"b":{},"_coverageSchema":"43e27e138ebf9cfc5966b082cf9a028302ed4184","hash":"c8789d16f37043f644f035fe18326150b8a30a95"}
,"/Users/zacharymink/react-axl/src/components/Modules/SmartElements/load-semodules.js": {"path":"/Users/zacharymink/react-axl/src/components/Modules/SmartElements/load-semodules.js","statementMap":{"0":{"start":{"line":9,"column":18},"end":{"line":24,"column":1}},"1":{"start":{"line":10,"column":44},"end":{"line":10,"column":130}},"2":{"start":{"line":11,"column":44},"end":{"line":11,"column":130}},"3":{"start":{"line":12,"column":44},"end":{"line":12,"column":136}},"4":{"start":{"line":13,"column":44},"end":{"line":13,"column":131}},"5":{"start":{"line":14,"column":44},"end":{"line":14,"column":131}},"6":{"start":{"line":15,"column":44},"end":{"line":15,"column":125}},"7":{"start":{"line":16,"column":44},"end":{"line":16,"column":128}},"8":{"start":{"line":17,"column":44},"end":{"line":17,"column":126}},"9":{"start":{"line":18,"column":44},"end":{"line":18,"column":129}},"10":{"start":{"line":19,"column":44},"end":{"line":19,"column":124}},"11":{"start":{"line":20,"column":44},"end":{"line":20,"column":133}},"12":{"start":{"line":21,"column":44},"end":{"line":21,"column":124}},"13":{"start":{"line":22,"column":44},"end":{"line":22,"column":127}},"14":{"start":{"line":23,"column":44},"end":{"line":23,"column":105}}},"fnMap":{"0":{"name":"(anonymous_0)","decl":{"start":{"line":10,"column":38},"end":{"line":10,"column":39}},"loc":{"start":{"line":10,"column":44},"end":{"line":10,"column":130}},"line":10},"1":{"name":"(anonymous_1)","decl":{"start":{"line":11,"column":38},"end":{"line":11,"column":39}},"loc":{"start":{"line":11,"column":44},"end":{"line":11,"column":130}},"line":11},"2":{"name":"(anonymous_2)","decl":{"start":{"line":12,"column":38},"end":{"line":12,"column":39}},"loc":{"start":{"line":12,"column":44},"end":{"line":12,"column":136}},"line":12},"3":{"name":"(anonymous_3)","decl":{"start":{"line":13,"column":38},"end":{"line":13,"column":39}},"loc":{"start":{"line":13,"column":44},"end":{"line":13,"column":131}},"line":13},"4":{"name":"(anonymous_4)","decl":{"start":{"line":14,"column":38},"end":{"line":14,"column":39}},"loc":{"start":{"line":14,"column":44},"end":{"line":14,"column":131}},"line":14},"5":{"name":"(anonymous_5)","decl":{"start":{"line":15,"column":38},"end":{"line":15,"column":39}},"loc":{"start":{"line":15,"column":44},"end":{"line":15,"column":125}},"line":15},"6":{"name":"(anonymous_6)","decl":{"start":{"line":16,"column":38},"end":{"line":16,"column":39}},"loc":{"start":{"line":16,"column":44},"end":{"line":16,"column":128}},"line":16},"7":{"name":"(anonymous_7)","decl":{"start":{"line":17,"column":38},"end":{"line":17,"column":39}},"loc":{"start":{"line":17,"column":44},"end":{"line":17,"column":126}},"line":17},"8":{"name":"(anonymous_8)","decl":{"start":{"line":18,"column":38},"end":{"line":18,"column":39}},"loc":{"start":{"line":18,"column":44},"end":{"line":18,"column":129}},"line":18},"9":{"name":"(anonymous_9)","decl":{"start":{"line":19,"column":38},"end":{"line":19,"column":39}},"loc":{"start":{"line":19,"column":44},"end":{"line":19,"column":124}},"line":19},"10":{"name":"(anonymous_10)","decl":{"start":{"line":20,"column":38},"end":{"line":20,"column":39}},"loc":{"start":{"line":20,"column":44},"end":{"line":20,"column":133}},"line":20},"11":{"name":"(anonymous_11)","decl":{"start":{"line":21,"column":38},"end":{"line":21,"column":39}},"loc":{"start":{"line":21,"column":44},"end":{"line":21,"column":124}},"line":21},"12":{"name":"(anonymous_12)","decl":{"start":{"line":22,"column":38},"end":{"line":22,"column":39}},"loc":{"start":{"line":22,"column":44},"end":{"line":22,"column":127}},"line":22},"13":{"name":"(anonymous_13)","decl":{"start":{"line":23,"column":38},"end":{"line":23,"column":39}},"loc":{"start":{"line":23,"column":44},"end":{"line":23,"column":105}},"line":23}},"branchMap":{},"s":{"0":1,"1":0,"2":0,"3":0,"4":0,"5":0,"6":0,"7":0,"8":0,"9":0,"10":0,"11":0,"12":0,"13":0,"14":0},"f":{"0":0,"1":0,"2":0,"3":0,"4":0,"5":0,"6":0,"7":0,"8":0,"9":0,"10":0,"11":0,"12":0,"13":0},"b":{},"_coverageSchema":"43e27e138ebf9cfc5966b082cf9a028302ed4184","hash":"825b0883dc9bd92884c1bb23241c50da82a5b2bc"}
,"/Users/zacharymink/react-axl/src/components/Utils/Scale.jsx": {"path":"/Users/zacharymink/react-axl/src/components/Utils/Scale.jsx","statementMap":{"0":{"start":{"line":6,"column":15},"end":{"line":6,"column":25}},"1":{"start":{"line":9,"column":16},"end":{"line":9,"column":24}},"2":{"start":{"line":11,"column":37},"end":{"line":11,"column":51}},"3":{"start":{"line":12,"column":39},"end":{"line":12,"column":53}},"4":{"start":{"line":14,"column":4},"end":{"line":30,"column":12}},"5":{"start":{"line":15,"column":8},"end":{"line":28,"column":9}},"6":{"start":{"line":16,"column":22},"end":{"line":16,"column":23}},"7":{"start":{"line":17,"column":23},"end":{"line":17,"column":24}},"8":{"start":{"line":18,"column":29},"end":{"line":18,"column":78}},"9":{"start":{"line":19,"column":12},"end":{"line":19,"column":80}},"10":{"start":{"line":20,"column":12},"end":{"line":25,"column":14}},"11":{"start":{"line":22,"column":29},"end":{"line":22,"column":60}},"12":{"start":{"line":23,"column":16},"end":{"line":23,"column":36}},"13":{"start":{"line":24,"column":16},"end":{"line":24,"column":37}},"14":{"start":{"line":26,"column":12},"end":{"line":26,"column":56}},"15":{"start":{"line":27,"column":12},"end":{"line":27,"column":68}},"16":{"start":{"line":32,"column":4},"end":{"line":32,"column":37}},"17":{"start":{"line":37,"column":16},"end":{"line":37,"column":24}},"18":{"start":{"line":39,"column":21},"end":{"line":39,"column":25}},"19":{"start":{"line":41,"column":4},"end":{"line":53,"column":5}},"20":{"start":{"line":43,"column":24},"end":{"line":43,"column":35}},"21":{"start":{"line":44,"column":28},"end":{"line":44,"column":53}},"22":{"start":{"line":46,"column":8},"end":{"line":46,"column":45}},"23":{"start":{"line":47,"column":8},"end":{"line":47,"column":43}},"24":{"start":{"line":49,"column":8},"end":{"line":49,"column":104}},"25":{"start":{"line":50,"column":8},"end":{"line":50,"column":103}},"26":{"start":{"line":52,"column":8},"end":{"line":52,"column":66}},"27":{"start":{"line":55,"column":4},"end":{"line":55,"column":27}},"28":{"start":{"line":59,"column":39},"end":{"line":59,"column":57}},"29":{"start":{"line":60,"column":36},"end":{"line":60,"column":51}},"30":{"start":{"line":62,"column":4},"end":{"line":64,"column":9}},"31":{"start":{"line":63,"column":8},"end":{"line":63,"column":26}},"32":{"start":{"line":66,"column":12},"end":{"line":66,"column":16}},"33":{"start":{"line":67,"column":16},"end":{"line":67,"column":33}},"34":{"start":{"line":69,"column":4},"end":{"line":71,"column":5}},"35":{"start":{"line":70,"column":8},"end":{"line":70,"column":47}},"36":{"start":{"line":73,"column":4},"end":{"line":75,"column":5}},"37":{"start":{"line":74,"column":8},"end":{"line":74,"column":40}},"38":{"start":{"line":77,"column":4},"end":{"line":79,"column":5}},"39":{"start":{"line":78,"column":8},"end":{"line":78,"column":31}},"40":{"start":{"line":81,"column":4},"end":{"line":81,"column":62}},"41":{"start":{"line":93,"column":36},"end":{"line":93,"column":51}},"42":{"start":{"line":94,"column":29},"end":{"line":94,"column":44}},"43":{"start":{"line":95,"column":32},"end":{"line":95,"column":53}},"44":{"start":{"line":96,"column":20},"end":{"line":96,"column":24}},"45":{"start":{"line":97,"column":16},"end":{"line":97,"column":18}},"46":{"start":{"line":99,"column":4},"end":{"line":101,"column":9}},"47":{"start":{"line":100,"column":8},"end":{"line":100,"column":26}},"48":{"start":{"line":103,"column":19},"end":{"line":103,"column":23}},"49":{"start":{"line":104,"column":4},"end":{"line":110,"column":5}},"50":{"start":{"line":105,"column":8},"end":{"line":107,"column":10}},"51":{"start":{"line":106,"column":12},"end":{"line":106,"column":39}},"52":{"start":{"line":109,"column":8},"end":{"line":109,"column":34}},"53":{"start":{"line":111,"column":4},"end":{"line":111,"column":36}},"54":{"start":{"line":115,"column":12},"end":{"line":115,"column":16}},"55":{"start":{"line":118,"column":4},"end":{"line":120,"column":5}},"56":{"start":{"line":119,"column":8},"end":{"line":119,"column":47}},"57":{"start":{"line":122,"column":4},"end":{"line":125,"column":5}},"58":{"start":{"line":123,"column":8},"end":{"line":123,"column":40}},"59":{"start":{"line":127,"column":4},"end":{"line":127,"column":134}},"60":{"start":{"line":131,"column":15},"end":{"line":131,"column":49}},"61":{"start":{"line":132,"column":15},"end":{"line":132,"column":47}},"62":{"start":{"line":134,"column":4},"end":{"line":134,"column":28}},"63":{"start":{"line":138,"column":15},"end":{"line":138,"column":46}},"64":{"start":{"line":139,"column":15},"end":{"line":139,"column":38}},"65":{"start":{"line":142,"column":14},"end":{"line":142,"column":25}},"66":{"start":{"line":143,"column":14},"end":{"line":143,"column":25}},"67":{"start":{"line":145,"column":4},"end":{"line":145,"column":31}},"68":{"start":{"line":150,"column":21},"end":{"line":150,"column":22}},"69":{"start":{"line":151,"column":22},"end":{"line":151,"column":23}},"70":{"start":{"line":152,"column":4},"end":{"line":156,"column":6}},"71":{"start":{"line":153,"column":22},"end":{"line":153,"column":44}},"72":{"start":{"line":154,"column":8},"end":{"line":154,"column":34}},"73":{"start":{"line":155,"column":8},"end":{"line":155,"column":35}},"74":{"start":{"line":157,"column":4},"end":{"line":157,"column":50}}},"fnMap":{"0":{"name":"useRenderedSizes","decl":{"start":{"line":8,"column":16},"end":{"line":8,"column":32}},"loc":{"start":{"line":8,"column":39},"end":{"line":33,"column":1}},"line":8},"1":{"name":"(anonymous_1)","decl":{"start":{"line":14,"column":14},"end":{"line":14,"column":15}},"loc":{"start":{"line":14,"column":18},"end":{"line":30,"column":5}},"line":14},"2":{"name":"(anonymous_2)","decl":{"start":{"line":20,"column":53},"end":{"line":20,"column":54}},"loc":{"start":{"line":20,"column":64},"end":{"line":25,"column":13}},"line":20},"3":{"name":"useParentSize","decl":{"start":{"line":36,"column":16},"end":{"line":36,"column":29}},"loc":{"start":{"line":36,"column":36},"end":{"line":56,"column":1}},"line":36},"4":{"name":"ScaleRendered","decl":{"start":{"line":58,"column":16},"end":{"line":58,"column":29}},"loc":{"start":{"line":58,"column":36},"end":{"line":82,"column":1}},"line":58},"5":{"name":"(anonymous_5)","decl":{"start":{"line":62,"column":14},"end":{"line":62,"column":15}},"loc":{"start":{"line":62,"column":18},"end":{"line":64,"column":5}},"line":62},"6":{"name":"AxioBusScale","decl":{"start":{"line":92,"column":16},"end":{"line":92,"column":28}},"loc":{"start":{"line":92,"column":35},"end":{"line":128,"column":1}},"line":92},"7":{"name":"(anonymous_7)","decl":{"start":{"line":99,"column":14},"end":{"line":99,"column":15}},"loc":{"start":{"line":99,"column":18},"end":{"line":101,"column":5}},"line":99},"8":{"name":"(anonymous_8)","decl":{"start":{"line":105,"column":38},"end":{"line":105,"column":39}},"loc":{"start":{"line":105,"column":47},"end":{"line":107,"column":9}},"line":105},"9":{"name":"calcTransform","decl":{"start":{"line":130,"column":9},"end":{"line":130,"column":22}},"loc":{"start":{"line":130,"column":44},"end":{"line":135,"column":1}},"line":130},"10":{"name":"getAxioSize","decl":{"start":{"line":137,"column":9},"end":{"line":137,"column":20}},"loc":{"start":{"line":137,"column":31},"end":{"line":146,"column":1}},"line":137},"11":{"name":"getBusSize","decl":{"start":{"line":149,"column":9},"end":{"line":149,"column":19}},"loc":{"start":{"line":149,"column":33},"end":{"line":158,"column":1}},"line":149},"12":{"name":"(anonymous_12)","decl":{"start":{"line":152,"column":25},"end":{"line":152,"column":26}},"loc":{"start":{"line":152,"column":38},"end":{"line":156,"column":5}},"line":152}},"branchMap":{"0":{"loc":{"start":{"line":15,"column":8},"end":{"line":28,"column":9}},"type":"if","locations":[{"start":{"line":15,"column":8},"end":{"line":28,"column":9}},{"start":{"line":15,"column":8},"end":{"line":28,"column":9}}],"line":15},"1":{"loc":{"start":{"line":41,"column":4},"end":{"line":53,"column":5}},"type":"if","locations":[{"start":{"line":41,"column":4},"end":{"line":53,"column":5}},{"start":{"line":41,"column":4},"end":{"line":53,"column":5}}],"line":41},"2":{"loc":{"start":{"line":69,"column":4},"end":{"line":71,"column":5}},"type":"if","locations":[{"start":{"line":69,"column":4},"end":{"line":71,"column":5}},{"start":{"line":69,"column":4},"end":{"line":71,"column":5}}],"line":69},"3":{"loc":{"start":{"line":69,"column":8},"end":{"line":69,"column":31}},"type":"binary-expr","locations":[{"start":{"line":69,"column":8},"end":{"line":69,"column":18}},{"start":{"line":69,"column":22},"end":{"line":69,"column":31}}],"line":69},"4":{"loc":{"start":{"line":73,"column":4},"end":{"line":75,"column":5}},"type":"if","locations":[{"start":{"line":73,"column":4},"end":{"line":75,"column":5}},{"start":{"line":73,"column":4},"end":{"line":75,"column":5}}],"line":73},"5":{"loc":{"start":{"line":73,"column":8},"end":{"line":73,"column":18}},"type":"binary-expr","locations":[{"start":{"line":73,"column":8},"end":{"line":73,"column":9}},{"start":{"line":73,"column":13},"end":{"line":73,"column":18}}],"line":73},"6":{"loc":{"start":{"line":77,"column":4},"end":{"line":79,"column":5}},"type":"if","locations":[{"start":{"line":77,"column":4},"end":{"line":79,"column":5}},{"start":{"line":77,"column":4},"end":{"line":79,"column":5}}],"line":77},"7":{"loc":{"start":{"line":104,"column":4},"end":{"line":110,"column":5}},"type":"if","locations":[{"start":{"line":104,"column":4},"end":{"line":110,"column":5}},{"start":{"line":104,"column":4},"end":{"line":110,"column":5}}],"line":104},"8":{"loc":{"start":{"line":118,"column":4},"end":{"line":120,"column":5}},"type":"if","locations":[{"start":{"line":118,"column":4},"end":{"line":120,"column":5}},{"start":{"line":118,"column":4},"end":{"line":120,"column":5}}],"line":118},"9":{"loc":{"start":{"line":118,"column":8},"end":{"line":118,"column":31}},"type":"binary-expr","locations":[{"start":{"line":118,"column":8},"end":{"line":118,"column":18}},{"start":{"line":118,"column":22},"end":{"line":118,"column":31}}],"line":118},"10":{"loc":{"start":{"line":122,"column":4},"end":{"line":125,"column":5}},"type":"if","locations":[{"start":{"line":122,"column":4},"end":{"line":125,"column":5}},{"start":{"line":122,"column":4},"end":{"line":125,"column":5}}],"line":122},"11":{"loc":{"start":{"line":122,"column":8},"end":{"line":122,"column":18}},"type":"binary-expr","locations":[{"start":{"line":122,"column":8},"end":{"line":122,"column":9}},{"start":{"line":122,"column":13},"end":{"line":122,"column":18}}],"line":122},"12":{"loc":{"start":{"line":127,"column":69},"end":{"line":127,"column":127}},"type":"cond-expr","locations":[{"start":{"line":127,"column":107},"end":{"line":127,"column":121}},{"start":{"line":127,"column":122},"end":{"line":127,"column":127}}],"line":127},"13":{"loc":{"start":{"line":127,"column":70},"end":{"line":127,"column":103}},"type":"binary-expr","locations":[{"start":{"line":127,"column":71},"end":{"line":127,"column":88}},{"start":{"line":127,"column":92},"end":{"line":127,"column":102}}],"line":127},"14":{"loc":{"start":{"line":134,"column":11},"end":{"line":134,"column":28}},"type":"cond-expr","locations":[{"start":{"line":134,"column":23},"end":{"line":134,"column":25}},{"start":{"line":134,"column":26},"end":{"line":134,"column":28}}],"line":134},"15":{"loc":{"start":{"line":138,"column":15},"end":{"line":138,"column":46}},"type":"binary-expr","locations":[{"start":{"line":138,"column":15},"end":{"line":138,"column":39}},{"start":{"line":138,"column":43},"end":{"line":138,"column":46}}],"line":138}},"s":{"0":1,"1":0,"2":0,"3":0,"4":0,"5":0,"6":0,"7":0,"8":0,"9":0,"10":0,"11":0,"12":0,"13":0,"14":0,"15":0,"16":0,"17":5,"18":5,"19":5,"20":0,"21":0,"22":0,"23":0,"24":0,"25":0,"26":0,"27":5,"28":0,"29":0,"30":0,"31":0,"32":0,"33":0,"34":0,"35":0,"36":0,"37":0,"38":0,"39":0,"40":0,"41":5,"42":5,"43":5,"44":5,"45":5,"46":5,"47":2,"48":5,"49":5,"50":5,"51":13,"52":0,"53":5,"54":5,"55":5,"56":0,"57":5,"58":0,"59":5,"60":0,"61":0,"62":0,"63":13,"64":13,"65":13,"66":13,"67":13,"68":5,"69":5,"70":5,"71":13,"72":13,"73":13,"74":5},"f":{"0":0,"1":0,"2":0,"3":5,"4":0,"5":0,"6":5,"7":2,"8":13,"9":0,"10":13,"11":5,"12":13},"b":{"0":[0,0],"1":[0,5],"2":[0,0],"3":[0,0],"4":[0,0],"5":[0,0],"6":[0,0],"7":[5,0],"8":[0,5],"9":[5,0],"10":[0,5],"11":[5,0],"12":[0,5],"13":[5,2],"14":[0,0],"15":[13,13]},"_coverageSchema":"43e27e138ebf9cfc5966b082cf9a028302ed4184","hash":"7c374c4d1834660ba0fc3052817e50d300c409cb"}
,"/Users/zacharymink/react-axl/src/components/Utils/AxioLoader/AxioLoader.jsx": {"path":"/Users/zacharymink/react-axl/src/components/Utils/AxioLoader/AxioLoader.jsx","statementMap":{"0":{"start":{"line":12,"column":15},"end":{"line":12,"column":35}},"1":{"start":{"line":13,"column":4},"end":{"line":19,"column":10}},"2":{"start":{"line":22,"column":0},"end":{"line":24,"column":1}}},"fnMap":{"0":{"name":"AxioLoader","decl":{"start":{"line":11,"column":24},"end":{"line":11,"column":34}},"loc":{"start":{"line":11,"column":41},"end":{"line":20,"column":1}},"line":11}},"branchMap":{},"s":{"0":0,"1":0,"2":1},"f":{"0":0},"b":{},"_coverageSchema":"43e27e138ebf9cfc5966b082cf9a028302ed4184","hash":"ed56c4871bbe200baa07b0a686208bcc53f628af"}
}
