{"/Users/zacharymink/react-axl/src/components/Core/AxlColorID/AxlColorID.jsx": {"path":"/Users/zacharymink/react-axl/src/components/Core/AxlColorID/AxlColorID.jsx","statementMap":{"0":{"start":{"line":7,"column":8},"end":{"line":7,"column":20}},"1":{"start":{"line":11,"column":27},"end":{"line":12,"column":170}},"2":{"start":{"line":13,"column":8},"end":{"line":13,"column":49}}},"fnMap":{"0":{"name":"(anonymous_0)","decl":{"start":{"line":6,"column":4},"end":{"line":6,"column":5}},"loc":{"start":{"line":6,"column":22},"end":{"line":8,"column":5}},"line":6},"1":{"name":"(anonymous_1)","decl":{"start":{"line":10,"column":4},"end":{"line":10,"column":5}},"loc":{"start":{"line":10,"column":12},"end":{"line":14,"column":5}},"line":10}},"branchMap":{},"s":{"0":2,"1":2,"2":2},"f":{"0":2,"1":2},"b":{},"_coverageSchema":"43e27e138ebf9cfc5966b082cf9a028302ed4184","hash":"9512e12f0ee3b52824829977ef6de6fc3f47e8cc"}
,"/Users/zacharymink/react-axl/src/components/Core/AxlConnector/AxlConnector.jsx": {"path":"/Users/zacharymink/react-axl/src/components/Core/AxlConnector/AxlConnector.jsx","statementMap":{"0":{"start":{"line":12,"column":8},"end":{"line":12,"column":21}},"1":{"start":{"line":17,"column":21},"end":{"line":17,"column":64}},"2":{"start":{"line":18,"column":21},"end":{"line":18,"column":64}},"3":{"start":{"line":19,"column":31},"end":{"line":19,"column":59}},"4":{"start":{"line":20,"column":37},"end":{"line":20,"column":121}},"5":{"start":{"line":21,"column":24},"end":{"line":21,"column":158}},"6":{"start":{"line":22,"column":8},"end":{"line":43,"column":9}},"7":{"start":{"line":28,"column":32},"end":{"line":28,"column":57}},"8":{"start":{"line":29,"column":35},"end":{"line":29,"column":165}},"9":{"start":{"line":32,"column":24},"end":{"line":37,"column":31}},"10":{"start":{"line":35,"column":28},"end":{"line":35,"column":208}},"11":{"start":{"line":47,"column":0},"end":{"line":54,"column":1}},"12":{"start":{"line":64,"column":23},"end":{"line":64,"column":49}},"13":{"start":{"line":65,"column":28},"end":{"line":65,"column":41}},"14":{"start":{"line":69,"column":14},"end":{"line":69,"column":45}},"15":{"start":{"line":70,"column":4},"end":{"line":72,"column":6}},"16":{"start":{"line":71,"column":8},"end":{"line":71,"column":26}},"17":{"start":{"line":76,"column":4},"end":{"line":78,"column":10}}},"fnMap":{"0":{"name":"(anonymous_0)","decl":{"start":{"line":11,"column":4},"end":{"line":11,"column":5}},"loc":{"start":{"line":11,"column":22},"end":{"line":13,"column":5}},"line":11},"1":{"name":"(anonymous_1)","decl":{"start":{"line":15,"column":4},"end":{"line":15,"column":5}},"loc":{"start":{"line":15,"column":13},"end":{"line":44,"column":5}},"line":15},"2":{"name":"(anonymous_2)","decl":{"start":{"line":27,"column":29},"end":{"line":27,"column":30}},"loc":{"start":{"line":27,"column":41},"end":{"line":38,"column":21}},"line":27},"3":{"name":"(anonymous_3)","decl":{"start":{"line":34,"column":34},"end":{"line":34,"column":35}},"loc":{"start":{"line":34,"column":46},"end":{"line":36,"column":25}},"line":34},"4":{"name":"initArray","decl":{"start":{"line":68,"column":9},"end":{"line":68,"column":18}},"loc":{"start":{"line":68,"column":38},"end":{"line":73,"column":1}},"line":68},"5":{"name":"(anonymous_5)","decl":{"start":{"line":70,"column":19},"end":{"line":70,"column":20}},"loc":{"start":{"line":70,"column":30},"end":{"line":72,"column":5}},"line":70},"6":{"name":"Foot","decl":{"start":{"line":75,"column":9},"end":{"line":75,"column":13}},"loc":{"start":{"line":75,"column":20},"end":{"line":79,"column":1}},"line":75}},"branchMap":{"0":{"loc":{"start":{"line":21,"column":24},"end":{"line":21,"column":158}},"type":"cond-expr","locations":[{"start":{"line":21,"column":66},"end":{"line":21,"column":86}},{"start":{"line":21,"column":89},"end":{"line":21,"column":157}}],"line":21},"1":{"loc":{"start":{"line":29,"column":35},"end":{"line":29,"column":165}},"type":"cond-expr","locations":[{"start":{"line":29,"column":72},"end":{"line":29,"column":117}},{"start":{"line":29,"column":120},"end":{"line":29,"column":164}}],"line":29},"2":{"loc":{"start":{"line":76,"column":74},"end":{"line":76,"column":128}},"type":"cond-expr","locations":[{"start":{"line":76,"column":98},"end":{"line":76,"column":105}},{"start":{"line":76,"column":108},"end":{"line":76,"column":127}}],"line":76}},"s":{"0":3,"1":3,"2":3,"3":3,"4":3,"5":3,"6":3,"7":5,"8":5,"9":5,"10":20,"11":1,"12":1,"13":1,"14":8,"15":8,"16":40,"17":3},"f":{"0":3,"1":3,"2":5,"3":20,"4":8,"5":40,"6":3},"b":{"0":[0,3],"1":[0,5],"2":[1,2]},"_coverageSchema":"43e27e138ebf9cfc5966b082cf9a028302ed4184","hash":"98669c44afd921a1c6311b5f093d7ee918b98627"}
,"/Users/zacharymink/react-axl/src/components/Core/AxlLatch/AxlLatch.jsx": {"path":"/Users/zacharymink/react-axl/src/components/Core/AxlLatch/AxlLatch.jsx","statementMap":{"0":{"start":{"line":7,"column":8},"end":{"line":7,"column":20}},"1":{"start":{"line":11,"column":25},"end":{"line":11,"column":108}},"2":{"start":{"line":12,"column":25},"end":{"line":12,"column":65}},"3":{"start":{"line":13,"column":28},"end":{"line":13,"column":71}},"4":{"start":{"line":14,"column":27},"end":{"line":14,"column":98}},"5":{"start":{"line":15,"column":8},"end":{"line":21,"column":23}}},"fnMap":{"0":{"name":"(anonymous_0)","decl":{"start":{"line":6,"column":4},"end":{"line":6,"column":5}},"loc":{"start":{"line":6,"column":22},"end":{"line":8,"column":5}},"line":6},"1":{"name":"(anonymous_1)","decl":{"start":{"line":10,"column":4},"end":{"line":10,"column":5}},"loc":{"start":{"line":10,"column":12},"end":{"line":22,"column":5}},"line":10}},"branchMap":{},"s":{"0":3,"1":3,"2":3,"3":3,"4":3,"5":3},"f":{"0":3,"1":3},"b":{},"_coverageSchema":"43e27e138ebf9cfc5966b082cf9a028302ed4184","hash":"440396f43f5cd397586ef608a1580288b957f0a8"}
,"/Users/zacharymink/react-axl/src/components/Core/AxlLed/AxlLed.jsx": {"path":"/Users/zacharymink/react-axl/src/components/Core/AxlLed/AxlLed.jsx","statementMap":{"0":{"start":{"line":7,"column":8},"end":{"line":7,"column":20}},"1":{"start":{"line":11,"column":25},"end":{"line":11,"column":166}},"2":{"start":{"line":12,"column":8},"end":{"line":13,"column":19}}},"fnMap":{"0":{"name":"(anonymous_0)","decl":{"start":{"line":6,"column":4},"end":{"line":6,"column":5}},"loc":{"start":{"line":6,"column":22},"end":{"line":8,"column":5}},"line":6},"1":{"name":"(anonymous_1)","decl":{"start":{"line":10,"column":4},"end":{"line":10,"column":5}},"loc":{"start":{"line":10,"column":12},"end":{"line":15,"column":5}},"line":10}},"branchMap":{},"s":{"0":24,"1":24,"2":24},"f":{"0":24,"1":24},"b":{},"_coverageSchema":"43e27e138ebf9cfc5966b082cf9a028302ed4184","hash":"12e3f1af0ec3095714321eed743ea90aa60bb85b"}
,"/Users/zacharymink/react-axl/src/components/Core/AxlLedGroup/AxlLedGroup.jsx": {"path":"/Users/zacharymink/react-axl/src/components/Core/AxlLedGroup/AxlLedGroup.jsx","statementMap":{"0":{"start":{"line":8,"column":8},"end":{"line":8,"column":20}},"1":{"start":{"line":13,"column":8},"end":{"line":30,"column":23}},"2":{"start":{"line":16,"column":43},"end":{"line":16,"column":51}},"3":{"start":{"line":17,"column":21},"end":{"line":26,"column":28}},"4":{"start":{"line":34,"column":0},"end":{"line":36,"column":1}}},"fnMap":{"0":{"name":"(anonymous_0)","decl":{"start":{"line":7,"column":4},"end":{"line":7,"column":5}},"loc":{"start":{"line":7,"column":22},"end":{"line":9,"column":5}},"line":7},"1":{"name":"(anonymous_1)","decl":{"start":{"line":11,"column":4},"end":{"line":11,"column":5}},"loc":{"start":{"line":11,"column":12},"end":{"line":31,"column":5}},"line":11},"2":{"name":"(anonymous_2)","decl":{"start":{"line":15,"column":37},"end":{"line":15,"column":38}},"loc":{"start":{"line":15,"column":50},"end":{"line":28,"column":18}},"line":15}},"branchMap":{},"s":{"0":5,"1":5,"2":20,"3":20,"4":1},"f":{"0":5,"1":5,"2":20},"b":{},"_coverageSchema":"43e27e138ebf9cfc5966b082cf9a028302ed4184","hash":"593638c98f0ea2c666a94d5bcd1b254a0ca1dfa4"}
,"/Users/zacharymink/react-axl/src/components/Core/AxlModule/AxlModule.jsx": {"path":"/Users/zacharymink/react-axl/src/components/Core/AxlModule/AxlModule.jsx","statementMap":{"0":{"start":{"line":12,"column":8},"end":{"line":12,"column":20}},"1":{"start":{"line":14,"column":8},"end":{"line":14,"column":74}},"2":{"start":{"line":15,"column":8},"end":{"line":15,"column":34}},"3":{"start":{"line":18,"column":16},"end":{"line":20,"column":5}},"4":{"start":{"line":19,"column":8},"end":{"line":19,"column":52}},"5":{"start":{"line":22,"column":26},"end":{"line":36,"column":5}},"6":{"start":{"line":23,"column":8},"end":{"line":23,"column":85}},"7":{"start":{"line":24,"column":8},"end":{"line":33,"column":9}},"8":{"start":{"line":27,"column":16},"end":{"line":27,"column":22}},"9":{"start":{"line":30,"column":16},"end":{"line":30,"column":22}},"10":{"start":{"line":32,"column":16},"end":{"line":32,"column":22}},"11":{"start":{"line":35,"column":8},"end":{"line":35,"column":17}},"12":{"start":{"line":38,"column":13},"end":{"line":40,"column":5}},"13":{"start":{"line":39,"column":8},"end":{"line":39,"column":26}},"14":{"start":{"line":43,"column":138},"end":{"line":43,"column":148}},"15":{"start":{"line":45,"column":8},"end":{"line":45,"column":34}},"16":{"start":{"line":46,"column":26},"end":{"line":46,"column":44}},"17":{"start":{"line":47,"column":19},"end":{"line":47,"column":67}},"18":{"start":{"line":48,"column":24},"end":{"line":50,"column":10}},"19":{"start":{"line":49,"column":12},"end":{"line":49,"column":82}},"20":{"start":{"line":52,"column":8},"end":{"line":80,"column":15}},"21":{"start":{"line":84,"column":0},"end":{"line":93,"column":1}},"22":{"start":{"line":95,"column":0},"end":{"line":97,"column":1}},"23":{"start":{"line":101,"column":16},"end":{"line":101,"column":18}},"24":{"start":{"line":102,"column":21},"end":{"line":102,"column":46}},"25":{"start":{"line":103,"column":31},"end":{"line":103,"column":51}},"26":{"start":{"line":104,"column":22},"end":{"line":104,"column":117}},"27":{"start":{"line":105,"column":4},"end":{"line":107,"column":5}},"28":{"start":{"line":105,"column":15},"end":{"line":105,"column":16}},"29":{"start":{"line":106,"column":8},"end":{"line":106,"column":65}},"30":{"start":{"line":109,"column":4},"end":{"line":111,"column":11}},"31":{"start":{"line":117,"column":23},"end":{"line":117,"column":41}},"32":{"start":{"line":118,"column":22},"end":{"line":118,"column":46}},"33":{"start":{"line":119,"column":26},"end":{"line":119,"column":64}},"34":{"start":{"line":120,"column":29},"end":{"line":120,"column":52}},"35":{"start":{"line":121,"column":31},"end":{"line":121,"column":152}},"36":{"start":{"line":122,"column":18},"end":{"line":139,"column":6}},"37":{"start":{"line":123,"column":8},"end":{"line":138,"column":9}},"38":{"start":{"line":125,"column":12},"end":{"line":134,"column":13}},"39":{"start":{"line":126,"column":16},"end":{"line":126,"column":35}},"40":{"start":{"line":127,"column":16},"end":{"line":127,"column":27}},"41":{"start":{"line":128,"column":18},"end":{"line":134,"column":13}},"42":{"start":{"line":129,"column":16},"end":{"line":129,"column":27}},"43":{"start":{"line":130,"column":16},"end":{"line":130,"column":51}},"44":{"start":{"line":132,"column":16},"end":{"line":132,"column":51}},"45":{"start":{"line":133,"column":16},"end":{"line":133,"column":27}},"46":{"start":{"line":135,"column":12},"end":{"line":137,"column":19}},"47":{"start":{"line":140,"column":4},"end":{"line":145,"column":5}},"48":{"start":{"line":150,"column":4},"end":{"line":152,"column":5}},"49":{"start":{"line":156,"column":4},"end":{"line":158,"column":11}},"50":{"start":{"line":162,"column":15},"end":{"line":162,"column":17}},"51":{"start":{"line":163,"column":4},"end":{"line":165,"column":5}},"52":{"start":{"line":163,"column":15},"end":{"line":163,"column":16}},"53":{"start":{"line":164,"column":8},"end":{"line":164,"column":22}},"54":{"start":{"line":166,"column":4},"end":{"line":166,"column":15}},"55":{"start":{"line":171,"column":15},"end":{"line":171,"column":17}},"56":{"start":{"line":172,"column":4},"end":{"line":174,"column":5}},"57":{"start":{"line":172,"column":15},"end":{"line":172,"column":16}},"58":{"start":{"line":173,"column":8},"end":{"line":173,"column":21}},"59":{"start":{"line":175,"column":4},"end":{"line":175,"column":15}}},"fnMap":{"0":{"name":"(anonymous_0)","decl":{"start":{"line":11,"column":4},"end":{"line":11,"column":5}},"loc":{"start":{"line":11,"column":22},"end":{"line":16,"column":5}},"line":11},"1":{"name":"(anonymous_1)","decl":{"start":{"line":18,"column":16},"end":{"line":18,"column":17}},"loc":{"start":{"line":18,"column":22},"end":{"line":20,"column":5}},"line":18},"2":{"name":"(anonymous_2)","decl":{"start":{"line":22,"column":26},"end":{"line":22,"column":27}},"loc":{"start":{"line":22,"column":56},"end":{"line":36,"column":5}},"line":22},"3":{"name":"(anonymous_3)","decl":{"start":{"line":38,"column":13},"end":{"line":38,"column":14}},"loc":{"start":{"line":38,"column":20},"end":{"line":40,"column":5}},"line":38},"4":{"name":"(anonymous_4)","decl":{"start":{"line":42,"column":4},"end":{"line":42,"column":5}},"loc":{"start":{"line":42,"column":12},"end":{"line":81,"column":5}},"line":42},"5":{"name":"(anonymous_5)","decl":{"start":{"line":48,"column":53},"end":{"line":48,"column":54}},"loc":{"start":{"line":48,"column":70},"end":{"line":50,"column":9}},"line":48},"6":{"name":"Vents","decl":{"start":{"line":100,"column":9},"end":{"line":100,"column":14}},"loc":{"start":{"line":100,"column":21},"end":{"line":112,"column":1}},"line":100},"7":{"name":"Label","decl":{"start":{"line":116,"column":9},"end":{"line":116,"column":14}},"loc":{"start":{"line":116,"column":21},"end":{"line":146,"column":1}},"line":116},"8":{"name":"(anonymous_8)","decl":{"start":{"line":122,"column":35},"end":{"line":122,"column":36}},"loc":{"start":{"line":122,"column":50},"end":{"line":139,"column":5}},"line":122},"9":{"name":"Inset","decl":{"start":{"line":148,"column":9},"end":{"line":148,"column":14}},"loc":{"start":{"line":148,"column":21},"end":{"line":153,"column":1}},"line":148},"10":{"name":"LabelHolder","decl":{"start":{"line":155,"column":9},"end":{"line":155,"column":20}},"loc":{"start":{"line":155,"column":27},"end":{"line":159,"column":1}},"line":155},"11":{"name":"defaultTerminals","decl":{"start":{"line":161,"column":16},"end":{"line":161,"column":32}},"loc":{"start":{"line":161,"column":46},"end":{"line":168,"column":1}},"line":161},"12":{"name":"defaultLeds","decl":{"start":{"line":170,"column":16},"end":{"line":170,"column":27}},"loc":{"start":{"line":170,"column":36},"end":{"line":176,"column":1}},"line":170}},"branchMap":{"0":{"loc":{"start":{"line":14,"column":29},"end":{"line":14,"column":73}},"type":"cond-expr","locations":[{"start":{"line":14,"column":49},"end":{"line":14,"column":70}},{"start":{"line":14,"column":72},"end":{"line":14,"column":73}}],"line":14},"1":{"loc":{"start":{"line":24,"column":8},"end":{"line":33,"column":9}},"type":"switch","locations":[{"start":{"line":25,"column":12},"end":{"line":27,"column":22}},{"start":{"line":28,"column":12},"end":{"line":30,"column":22}},{"start":{"line":31,"column":12},"end":{"line":32,"column":22}}],"line":24},"2":{"loc":{"start":{"line":47,"column":19},"end":{"line":47,"column":67}},"type":"cond-expr","locations":[{"start":{"line":47,"column":46},"end":{"line":47,"column":58}},{"start":{"line":47,"column":59},"end":{"line":47,"column":67}}],"line":47},"3":{"loc":{"start":{"line":54,"column":17},"end":{"line":71,"column":30}},"type":"cond-expr","locations":[{"start":{"line":55,"column":17},"end":{"line":71,"column":22}},{"start":{"line":71,"column":25},"end":{"line":71,"column":29}}],"line":54},"4":{"loc":{"start":{"line":54,"column":19},"end":{"line":54,"column":48}},"type":"binary-expr","locations":[{"start":{"line":54,"column":19},"end":{"line":54,"column":35}},{"start":{"line":54,"column":39},"end":{"line":54,"column":48}}],"line":54},"5":{"loc":{"start":{"line":123,"column":8},"end":{"line":138,"column":9}},"type":"if","locations":[{"start":{"line":123,"column":8},"end":{"line":138,"column":9}},{"start":{"line":123,"column":8},"end":{"line":138,"column":9}}],"line":123},"6":{"loc":{"start":{"line":125,"column":12},"end":{"line":134,"column":13}},"type":"if","locations":[{"start":{"line":125,"column":12},"end":{"line":134,"column":13}},{"start":{"line":125,"column":12},"end":{"line":134,"column":13}}],"line":125},"7":{"loc":{"start":{"line":128,"column":18},"end":{"line":134,"column":13}},"type":"if","locations":[{"start":{"line":128,"column":18},"end":{"line":134,"column":13}},{"start":{"line":128,"column":18},"end":{"line":134,"column":13}}],"line":128}},"s":{"0":2,"1":2,"2":2,"3":2,"4":4,"5":2,"6":3,"7":3,"8":1,"9":2,"10":0,"11":3,"12":2,"13":0,"14":2,"15":2,"16":2,"17":2,"18":2,"19":3,"20":2,"21":1,"22":1,"23":2,"24":2,"25":2,"26":2,"27":2,"28":2,"29":10,"30":2,"31":1,"32":1,"33":1,"34":1,"35":1,"36":1,"37":5,"38":5,"39":1,"40":1,"41":4,"42":1,"43":1,"44":3,"45":3,"46":5,"47":1,"48":2,"49":1,"50":0,"51":0,"52":0,"53":0,"54":0,"55":0,"56":0,"57":0,"58":0,"59":0},"f":{"0":2,"1":4,"2":3,"3":0,"4":2,"5":3,"6":2,"7":1,"8":5,"9":2,"10":1,"11":0,"12":0},"b":{"0":[1,1],"1":[1,2,0],"2":[0,2],"3":[1,1],"4":[2,2],"5":[5,0],"6":[1,4],"7":[1,3]},"_coverageSchema":"43e27e138ebf9cfc5966b082cf9a028302ed4184","hash":"3e14beda85919ff84694a2a1713c06aa8f411a6d"}
,"/Users/zacharymink/react-axl/src/components/Core/AxlPlunger/AxlPlunger.jsx": {"path":"/Users/zacharymink/react-axl/src/components/Core/AxlPlunger/AxlPlunger.jsx","statementMap":{"0":{"start":{"line":7,"column":8},"end":{"line":7,"column":20}},"1":{"start":{"line":11,"column":29},"end":{"line":11,"column":195}},"2":{"start":{"line":12,"column":8},"end":{"line":14,"column":19}}},"fnMap":{"0":{"name":"(anonymous_0)","decl":{"start":{"line":6,"column":4},"end":{"line":6,"column":5}},"loc":{"start":{"line":6,"column":22},"end":{"line":8,"column":5}},"line":6},"1":{"name":"(anonymous_1)","decl":{"start":{"line":10,"column":4},"end":{"line":10,"column":5}},"loc":{"start":{"line":10,"column":12},"end":{"line":16,"column":5}},"line":10}},"branchMap":{},"s":{"0":20,"1":20,"2":20},"f":{"0":20,"1":20},"b":{},"_coverageSchema":"43e27e138ebf9cfc5966b082cf9a028302ed4184","hash":"03269ebec38047ff8e58c9de9a4fbf3e09a8695d"}
,"/Users/zacharymink/react-axl/src/components/Core/AxlTerminal/AxlTerminal.jsx": {"path":"/Users/zacharymink/react-axl/src/components/Core/AxlTerminal/AxlTerminal.jsx","statementMap":{"0":{"start":{"line":8,"column":8},"end":{"line":8,"column":20}},"1":{"start":{"line":12,"column":27},"end":{"line":12,"column":89}},"2":{"start":{"line":13,"column":26},"end":{"line":13,"column":86}},"3":{"start":{"line":14,"column":27},"end":{"line":14,"column":99}},"4":{"start":{"line":15,"column":8},"end":{"line":39,"column":9}},"5":{"start":{"line":16,"column":12},"end":{"line":27,"column":13}},"6":{"start":{"line":29,"column":12},"end":{"line":38,"column":12}},"7":{"start":{"line":43,"column":0},"end":{"line":46,"column":1}}},"fnMap":{"0":{"name":"(anonymous_0)","decl":{"start":{"line":7,"column":4},"end":{"line":7,"column":5}},"loc":{"start":{"line":7,"column":22},"end":{"line":9,"column":5}},"line":7},"1":{"name":"(anonymous_1)","decl":{"start":{"line":11,"column":4},"end":{"line":11,"column":5}},"loc":{"start":{"line":11,"column":12},"end":{"line":40,"column":5}},"line":11}},"branchMap":{"0":{"loc":{"start":{"line":15,"column":8},"end":{"line":39,"column":9}},"type":"if","locations":[{"start":{"line":15,"column":8},"end":{"line":39,"column":9}},{"start":{"line":15,"column":8},"end":{"line":39,"column":9}}],"line":15}},"s":{"0":20,"1":20,"2":20,"3":20,"4":20,"5":4,"6":16,"7":1},"f":{"0":20,"1":20},"b":{"0":[4,16]},"_coverageSchema":"43e27e138ebf9cfc5966b082cf9a028302ed4184","hash":"a0d2d46ebae5a23924cb452ea3b812d2590f037e"}
,"/Users/zacharymink/react-axl/src/components/Core/AxlTerminalGroup/AxlTerminalGroup.jsx": {"path":"/Users/zacharymink/react-axl/src/components/Core/AxlTerminalGroup/AxlTerminalGroup.jsx","statementMap":{"0":{"start":{"line":9,"column":8},"end":{"line":9,"column":20}},"1":{"start":{"line":14,"column":8},"end":{"line":29,"column":16}}},"fnMap":{"0":{"name":"(anonymous_0)","decl":{"start":{"line":8,"column":4},"end":{"line":8,"column":5}},"loc":{"start":{"line":8,"column":22},"end":{"line":10,"column":5}},"line":8},"1":{"name":"(anonymous_1)","decl":{"start":{"line":12,"column":4},"end":{"line":12,"column":5}},"loc":{"start":{"line":12,"column":12},"end":{"line":30,"column":5}},"line":12}},"branchMap":{},"s":{"0":20,"1":20},"f":{"0":20,"1":20},"b":{},"_coverageSchema":"43e27e138ebf9cfc5966b082cf9a028302ed4184","hash":"68d2dfff03bb65c99baec8bc97b27d675f3eb813"}
,"/Users/zacharymink/react-axl/src/components/Core/PhoenixBrand/PhoenixBrand.jsx": {"path":"/Users/zacharymink/react-axl/src/components/Core/PhoenixBrand/PhoenixBrand.jsx","statementMap":{"0":{"start":{"line":4,"column":4},"end":{"line":4,"column":6716}}},"fnMap":{"0":{"name":"PhoenixBrand","decl":{"start":{"line":3,"column":24},"end":{"line":3,"column":36}},"loc":{"start":{"line":3,"column":43},"end":{"line":5,"column":1}},"line":3}},"branchMap":{},"s":{"0":1},"f":{"0":1},"b":{},"_coverageSchema":"43e27e138ebf9cfc5966b082cf9a028302ed4184","hash":"fee2a5327e70a7f955eaad88b451a3fe4769a513"}
,"/Users/zacharymink/react-axl/src/components/Core/PhoenixP/PhoenixP.jsx": {"path":"/Users/zacharymink/react-axl/src/components/Core/PhoenixP/PhoenixP.jsx","statementMap":{"0":{"start":{"line":4,"column":4},"end":{"line":9,"column":9}}},"fnMap":{"0":{"name":"PhoenixP","decl":{"start":{"line":3,"column":24},"end":{"line":3,"column":32}},"loc":{"start":{"line":3,"column":39},"end":{"line":10,"column":1}},"line":3}},"branchMap":{},"s":{"0":1},"f":{"0":1},"b":{},"_coverageSchema":"43e27e138ebf9cfc5966b082cf9a028302ed4184","hash":"63d54c8ad83cf01b8a1bdfeffb5edd6b2a047645"}
}
