TN:
SF:/Users/zacharymink/react-axl/src/components/Core/AxlColorID/AxlColorID.jsx
FN:6,(anonymous_0)
FN:10,(anonymous_1)
FNF:2
FNH:2
FNDA:2,(anonymous_0)
FNDA:2,(anonymous_1)
DA:7,2
DA:11,2
DA:13,2
LF:3
LH:3
BRF:0
BRH:0
end_of_record
TN:
SF:/Users/zacharymink/react-axl/src/components/Core/AxlConnector/AxlConnector.jsx
FN:11,(anonymous_0)
FN:15,(anonymous_1)
FN:27,(anonymous_2)
FN:34,(anonymous_3)
FN:68,initArray
FN:70,(anonymous_5)
FN:75,Foot
FNF:7
FNH:7
FNDA:3,(anonymous_0)
FNDA:3,(anonymous_1)
FNDA:5,(anonymous_2)
FNDA:20,(anonymous_3)
FNDA:8,initArray
FNDA:40,(anonymous_5)
FNDA:3,Foot
DA:12,3
DA:17,3
DA:18,3
DA:19,3
DA:20,3
DA:21,3
DA:22,3
DA:28,5
DA:29,5
DA:32,5
DA:35,20
DA:47,1
DA:64,1
DA:65,1
DA:69,8
DA:70,8
DA:71,40
DA:76,3
LF:18
LH:18
BRDA:21,0,0,0
BRDA:21,0,1,3
BRDA:29,1,0,0
BRDA:29,1,1,5
BRDA:76,2,0,1
BRDA:76,2,1,2
BRF:6
BRH:4
end_of_record
TN:
SF:/Users/zacharymink/react-axl/src/components/Core/AxlLatch/AxlLatch.jsx
FN:6,(anonymous_0)
FN:10,(anonymous_1)
FNF:2
FNH:2
FNDA:3,(anonymous_0)
FNDA:3,(anonymous_1)
DA:7,3
DA:11,3
DA:12,3
DA:13,3
DA:14,3
DA:15,3
LF:6
LH:6
BRF:0
BRH:0
end_of_record
TN:
SF:/Users/zacharymink/react-axl/src/components/Core/AxlLed/AxlLed.jsx
FN:6,(anonymous_0)
FN:10,(anonymous_1)
FNF:2
FNH:2
FNDA:24,(anonymous_0)
FNDA:24,(anonymous_1)
DA:7,24
DA:11,24
DA:12,24
LF:3
LH:3
BRF:0
BRH:0
end_of_record
TN:
SF:/Users/zacharymink/react-axl/src/components/Core/AxlLedGroup/AxlLedGroup.jsx
FN:7,(anonymous_0)
FN:11,(anonymous_1)
FN:15,(anonymous_2)
FNF:3
FNH:3
FNDA:5,(anonymous_0)
FNDA:5,(anonymous_1)
FNDA:20,(anonymous_2)
DA:8,5
DA:13,5
DA:16,20
DA:17,20
DA:34,1
LF:5
LH:5
BRF:0
BRH:0
end_of_record
TN:
SF:/Users/zacharymink/react-axl/src/components/Core/AxlModule/AxlModule.jsx
FN:11,(anonymous_0)
FN:18,(anonymous_1)
FN:22,(anonymous_2)
FN:38,(anonymous_3)
FN:42,(anonymous_4)
FN:48,(anonymous_5)
FN:100,Vents
FN:116,Label
FN:122,(anonymous_8)
FN:148,Inset
FN:155,LabelHolder
FN:161,defaultTerminals
FN:170,defaultLeds
FNF:13
FNH:10
FNDA:2,(anonymous_0)
FNDA:4,(anonymous_1)
FNDA:3,(anonymous_2)
FNDA:0,(anonymous_3)
FNDA:2,(anonymous_4)
FNDA:3,(anonymous_5)
FNDA:2,Vents
FNDA:1,Label
FNDA:5,(anonymous_8)
FNDA:2,Inset
FNDA:1,LabelHolder
FNDA:0,defaultTerminals
FNDA:0,defaultLeds
DA:12,2
DA:14,2
DA:15,2
DA:18,2
DA:19,4
DA:22,2
DA:23,3
DA:24,3
DA:27,1
DA:30,2
DA:32,0
DA:35,3
DA:38,2
DA:39,0
DA:43,2
DA:45,2
DA:46,2
DA:47,2
DA:48,2
DA:49,3
DA:52,2
DA:84,1
DA:95,1
DA:101,2
DA:102,2
DA:103,2
DA:104,2
DA:105,2
DA:106,10
DA:109,2
DA:117,1
DA:118,1
DA:119,1
DA:120,1
DA:121,1
DA:122,1
DA:123,5
DA:125,5
DA:126,1
DA:127,1
DA:128,4
DA:129,1
DA:130,1
DA:132,3
DA:133,3
DA:135,5
DA:140,1
DA:150,2
DA:156,1
DA:162,0
DA:163,0
DA:164,0
DA:166,0
DA:171,0
DA:172,0
DA:173,0
DA:175,0
LF:57
LH:47
BRDA:14,0,0,1
BRDA:14,0,1,1
BRDA:24,1,0,1
BRDA:24,1,1,2
BRDA:24,1,2,0
BRDA:47,2,0,0
BRDA:47,2,1,2
BRDA:54,3,0,1
BRDA:54,3,1,1
BRDA:54,4,0,2
BRDA:54,4,1,2
BRDA:123,5,0,5
BRDA:123,5,1,0
BRDA:125,6,0,1
BRDA:125,6,1,4
BRDA:128,7,0,1
BRDA:128,7,1,3
BRF:17
BRH:14
end_of_record
TN:
SF:/Users/zacharymink/react-axl/src/components/Core/AxlPlunger/AxlPlunger.jsx
FN:6,(anonymous_0)
FN:10,(anonymous_1)
FNF:2
FNH:2
FNDA:20,(anonymous_0)
FNDA:20,(anonymous_1)
DA:7,20
DA:11,20
DA:12,20
LF:3
LH:3
BRF:0
BRH:0
end_of_record
TN:
SF:/Users/zacharymink/react-axl/src/components/Core/AxlTerminal/AxlTerminal.jsx
FN:7,(anonymous_0)
FN:11,(anonymous_1)
FNF:2
FNH:2
FNDA:20,(anonymous_0)
FNDA:20,(anonymous_1)
DA:8,20
DA:12,20
DA:13,20
DA:14,20
DA:15,20
DA:16,4
DA:29,16
DA:43,1
LF:8
LH:8
BRDA:15,0,0,4
BRDA:15,0,1,16
BRF:2
BRH:2
end_of_record
TN:
SF:/Users/zacharymink/react-axl/src/components/Core/AxlTerminalGroup/AxlTerminalGroup.jsx
FN:8,(anonymous_0)
FN:12,(anonymous_1)
FNF:2
FNH:2
FNDA:20,(anonymous_0)
FNDA:20,(anonymous_1)
DA:9,20
DA:14,20
LF:2
LH:2
BRF:0
BRH:0
end_of_record
TN:
SF:/Users/zacharymink/react-axl/src/components/Core/PhoenixBrand/PhoenixBrand.jsx
FN:3,PhoenixBrand
FNF:1
FNH:1
FNDA:1,PhoenixBrand
DA:4,1
LF:1
LH:1
BRF:0
BRH:0
end_of_record
TN:
SF:/Users/zacharymink/react-axl/src/components/Core/PhoenixP/PhoenixP.jsx
FN:3,PhoenixP
FNF:1
FNH:1
FNDA:1,PhoenixP
DA:4,1
LF:1
LH:1
BRF:0
BRH:0
end_of_record
