TN:
SF:/Users/zacharymink/react-axl/src/components/AxioBus/AxioBus.jsx
FN:12,(anonymous_0)
FN:22,(anonymous_1)
FN:32,(anonymous_2)
FN:37,(anonymous_3)
FN:93,isSe
FN:102,GenerateSeBp
FN:103,(anonymous_6)
FNF:7
FNH:6
FNDA:0,(anonymous_0)
FNDA:3,(anonymous_1)
FNDA:3,(anonymous_2)
FNDA:11,(anonymous_3)
FNDA:11,isSe
FNDA:1,GenerateSeBp
FNDA:4,(anonymous_6)
DA:12,1
DA:14,1
DA:23,3
DA:33,3
DA:34,3
DA:35,3
DA:36,3
DA:37,3
DA:38,11
DA:39,4
DA:40,4
DA:41,4
DA:42,4
DA:43,1
DA:44,1
DA:45,1
DA:46,1
DA:50,7
DA:51,0
DA:52,0
DA:53,0
DA:54,0
DA:55,0
DA:57,7
DA:58,7
DA:59,7
DA:63,3
DA:65,3
DA:94,11
DA:103,1
DA:104,4
DA:105,4
DA:106,4
DA:108,1
DA:109,1
DA:110,1
DA:114,1
DA:124,1
LF:38
LH:33
BRDA:38,0,0,4
BRDA:38,0,1,7
BRDA:40,1,0,0
BRDA:40,1,1,4
BRDA:42,2,0,1
BRDA:42,2,1,3
BRDA:50,3,0,0
BRDA:50,3,1,7
BRDA:51,4,0,0
BRDA:51,4,1,0
BRDA:58,5,0,0
BRDA:58,5,1,7
BRDA:105,6,0,4
BRDA:105,6,1,0
BRF:14
BRH:8
end_of_record
TN:
SF:/Users/zacharymink/react-axl/src/components/Controllers/load-controllers.js
FN:13,(anonymous_0)
FNF:1
FNH:0
FNDA:0,(anonymous_0)
DA:12,1
DA:13,0
LF:2
LH:1
BRF:0
BRH:0
end_of_record
TN:
SF:/Users/zacharymink/react-axl/src/components/Core/AxlColorID/AxlColorID.jsx
FN:6,(anonymous_0)
FN:10,(anonymous_1)
FNF:2
FNH:2
FNDA:4,(anonymous_0)
FNDA:4,(anonymous_1)
DA:7,4
DA:11,4
DA:13,4
LF:3
LH:3
BRF:0
BRH:0
end_of_record
TN:
SF:/Users/zacharymink/react-axl/src/components/Core/AxlConnector/AxlConnector.jsx
FN:11,(anonymous_0)
FN:15,(anonymous_1)
FN:27,(anonymous_2)
FN:34,(anonymous_3)
FN:68,initArray
FN:70,(anonymous_5)
FN:75,Foot
FNF:7
FNH:7
FNDA:9,(anonymous_0)
FNDA:9,(anonymous_1)
FNDA:15,(anonymous_2)
FNDA:60,(anonymous_3)
FNDA:24,initArray
FNDA:120,(anonymous_5)
FNDA:9,Foot
DA:12,9
DA:17,9
DA:18,9
DA:19,9
DA:20,9
DA:21,9
DA:22,9
DA:28,15
DA:29,15
DA:32,15
DA:35,60
DA:47,1
DA:64,1
DA:65,1
DA:69,24
DA:70,24
DA:71,120
DA:76,9
LF:18
LH:18
BRDA:21,0,0,0
BRDA:21,0,1,9
BRDA:29,1,0,0
BRDA:29,1,1,15
BRDA:76,2,0,3
BRDA:76,2,1,6
BRF:6
BRH:4
end_of_record
TN:
SF:/Users/zacharymink/react-axl/src/components/Core/AxlLatch/AxlLatch.jsx
FN:6,(anonymous_0)
FN:10,(anonymous_1)
FNF:2
FNH:2
FNDA:9,(anonymous_0)
FNDA:9,(anonymous_1)
DA:7,9
DA:11,9
DA:12,9
DA:13,9
DA:14,9
DA:15,9
LF:6
LH:6
BRF:0
BRH:0
end_of_record
TN:
SF:/Users/zacharymink/react-axl/src/components/Core/AxlLed/AxlLed.jsx
FN:6,(anonymous_0)
FN:10,(anonymous_1)
FNF:2
FNH:2
FNDA:64,(anonymous_0)
FNDA:64,(anonymous_1)
DA:7,64
DA:11,64
DA:12,64
LF:3
LH:3
BRF:0
BRH:0
end_of_record
TN:
SF:/Users/zacharymink/react-axl/src/components/Core/AxlLedGroup/AxlLedGroup.jsx
FN:7,(anonymous_0)
FN:11,(anonymous_1)
FN:15,(anonymous_2)
FNF:3
FNH:3
FNDA:15,(anonymous_0)
FNDA:15,(anonymous_1)
FNDA:60,(anonymous_2)
DA:8,15
DA:13,15
DA:16,60
DA:17,60
DA:34,1
LF:5
LH:5
BRF:0
BRH:0
end_of_record
TN:
SF:/Users/zacharymink/react-axl/src/components/Core/AxlModule/AxlModule.jsx
FN:11,(anonymous_0)
FN:18,(anonymous_1)
FN:22,(anonymous_2)
FN:38,(anonymous_3)
FN:42,(anonymous_4)
FN:48,(anonymous_5)
FN:100,Vents
FN:116,Label
FN:122,(anonymous_8)
FN:148,Inset
FN:155,LabelHolder
FN:161,defaultTerminals
FN:170,defaultLeds
FNF:13
FNH:12
FNDA:4,(anonymous_0)
FNDA:10,(anonymous_1)
FNDA:9,(anonymous_2)
FNDA:0,(anonymous_3)
FNDA:4,(anonymous_4)
FNDA:9,(anonymous_5)
FNDA:6,Vents
FNDA:3,Label
FNDA:15,(anonymous_8)
FNDA:4,Inset
FNDA:3,LabelHolder
FNDA:1,defaultTerminals
FNDA:1,defaultLeds
DA:12,4
DA:14,4
DA:15,4
DA:18,4
DA:19,10
DA:22,4
DA:23,9
DA:24,9
DA:27,3
DA:30,6
DA:32,0
DA:35,9
DA:38,4
DA:39,0
DA:43,4
DA:45,4
DA:46,4
DA:47,4
DA:48,4
DA:49,9
DA:52,4
DA:84,1
DA:95,1
DA:101,6
DA:102,6
DA:103,6
DA:104,6
DA:105,6
DA:106,30
DA:109,6
DA:117,3
DA:118,3
DA:119,3
DA:120,3
DA:121,3
DA:122,3
DA:123,15
DA:125,15
DA:126,3
DA:127,3
DA:128,12
DA:129,3
DA:130,3
DA:132,9
DA:133,9
DA:135,15
DA:140,3
DA:150,4
DA:156,3
DA:162,1
DA:163,1
DA:164,12
DA:166,1
DA:171,1
DA:172,1
DA:173,12
DA:175,1
LF:57
LH:55
BRDA:14,0,0,3
BRDA:14,0,1,1
BRDA:24,1,0,3
BRDA:24,1,1,6
BRDA:24,1,2,0
BRDA:47,2,0,0
BRDA:47,2,1,4
BRDA:54,3,0,3
BRDA:54,3,1,1
BRDA:54,4,0,4
BRDA:54,4,1,4
BRDA:123,5,0,15
BRDA:123,5,1,0
BRDA:125,6,0,3
BRDA:125,6,1,12
BRDA:128,7,0,3
BRDA:128,7,1,9
BRF:17
BRH:14
end_of_record
TN:
SF:/Users/zacharymink/react-axl/src/components/Core/AxlPlunger/AxlPlunger.jsx
FN:6,(anonymous_0)
FN:10,(anonymous_1)
FNF:2
FNH:2
FNDA:60,(anonymous_0)
FNDA:60,(anonymous_1)
DA:7,60
DA:11,60
DA:12,60
LF:3
LH:3
BRF:0
BRH:0
end_of_record
TN:
SF:/Users/zacharymink/react-axl/src/components/Core/AxlTerminal/AxlTerminal.jsx
FN:7,(anonymous_0)
FN:11,(anonymous_1)
FNF:2
FNH:2
FNDA:60,(anonymous_0)
FNDA:60,(anonymous_1)
DA:8,60
DA:12,60
DA:13,60
DA:14,60
DA:15,60
DA:16,12
DA:29,48
DA:43,1
LF:8
LH:8
BRDA:15,0,0,12
BRDA:15,0,1,48
BRF:2
BRH:2
end_of_record
TN:
SF:/Users/zacharymink/react-axl/src/components/Core/AxlTerminalGroup/AxlTerminalGroup.jsx
FN:8,(anonymous_0)
FN:12,(anonymous_1)
FNF:2
FNH:2
FNDA:60,(anonymous_0)
FNDA:60,(anonymous_1)
DA:9,60
DA:14,60
LF:2
LH:2
BRF:0
BRH:0
end_of_record
TN:
SF:/Users/zacharymink/react-axl/src/components/Core/PhoenixBrand/PhoenixBrand.jsx
FN:3,PhoenixBrand
FNF:1
FNH:1
FNDA:1,PhoenixBrand
DA:4,1
LF:1
LH:1
BRF:0
BRH:0
end_of_record
TN:
SF:/Users/zacharymink/react-axl/src/components/Core/PhoenixP/PhoenixP.jsx
FN:3,PhoenixP
FNF:1
FNH:1
FNDA:3,PhoenixP
DA:4,3
LF:1
LH:1
BRF:0
BRH:0
end_of_record
TN:
SF:/Users/zacharymink/react-axl/src/components/Core/SeConnector/SeConnector.jsx
FN:5,SeConnector
FNF:1
FNH:1
FNDA:2,SeConnector
DA:6,2
LF:1
LH:1
BRF:0
BRH:0
end_of_record
TN:
SF:/Users/zacharymink/react-axl/src/components/Core/SeLed/SeLed.jsx
FN:6,(anonymous_0)
FN:10,(anonymous_1)
FNF:2
FNH:2
FNDA:51,(anonymous_0)
FNDA:51,(anonymous_1)
DA:7,51
DA:11,51
DA:12,51
LF:3
LH:3
BRF:0
BRH:0
end_of_record
TN:
SF:/Users/zacharymink/react-axl/src/components/Core/SeLock/SeLock.jsx
FN:5,SeLock
FNF:1
FNH:1
FNDA:3,SeLock
DA:6,3
LF:1
LH:1
BRF:0
BRH:0
end_of_record
TN:
SF:/Users/zacharymink/react-axl/src/components/Core/SeModule/SeModule.jsx
FN:7,SeModule
FN:28,LedArea
FN:30,(anonymous_2)
FNF:3
FNH:3
FNDA:3,SeModule
FNDA:3,LedArea
FNDA:54,(anonymous_2)
DA:8,3
DA:9,3
DA:18,1
DA:24,1
DA:29,3
DA:31,54
DA:32,54
LF:7
LH:7
BRDA:31,0,0,54
BRDA:31,0,1,51
BRDA:32,1,0,3
BRDA:32,1,1,51
BRF:4
BRH:4
end_of_record
TN:
SF:/Users/zacharymink/react-axl/src/components/Core/SePlunger/SePlunger.jsx
FN:6,(anonymous_0)
FN:10,(anonymous_1)
FNF:2
FNH:2
FNDA:16,(anonymous_0)
FNDA:16,(anonymous_1)
DA:7,16
DA:11,16
DA:12,16
LF:3
LH:3
BRF:0
BRH:0
end_of_record
TN:
SF:/Users/zacharymink/react-axl/src/components/Core/SeTerminal/SeTerminal.jsx
FN:7,(anonymous_0)
FN:11,(anonymous_1)
FNF:2
FNH:2
FNDA:16,(anonymous_0)
FNDA:16,(anonymous_1)
DA:8,16
DA:12,16
DA:13,16
DA:14,16
DA:15,16
DA:16,0
DA:29,16
DA:43,1
LF:8
LH:7
BRDA:15,0,0,0
BRDA:15,0,1,16
BRF:2
BRH:1
end_of_record
TN:
SF:/Users/zacharymink/react-axl/src/components/Core/SeTerminalGroup/SeTerminalGroup.jsx
FN:7,SeTerminalGroup
FNF:1
FNH:1
FNDA:16,SeTerminalGroup
DA:9,16
DA:16,1
LF:2
LH:2
BRDA:9,0,0,8
BRDA:9,0,1,8
BRF:2
BRH:2
end_of_record
TN:
SF:/Users/zacharymink/react-axl/src/components/Modules/load-modules.js
FN:13,(anonymous_0)
FN:14,(anonymous_1)
FN:15,(anonymous_2)
FN:16,(anonymous_3)
FN:17,(anonymous_4)
FN:18,(anonymous_5)
FN:19,(anonymous_6)
FN:20,(anonymous_7)
FN:21,(anonymous_8)
FN:22,(anonymous_9)
FN:23,(anonymous_10)
FN:24,(anonymous_11)
FN:25,(anonymous_12)
FN:26,(anonymous_13)
FN:27,(anonymous_14)
FN:28,(anonymous_15)
FN:29,(anonymous_16)
FN:30,(anonymous_17)
FN:31,(anonymous_18)
FN:32,(anonymous_19)
FN:33,(anonymous_20)
FN:34,(anonymous_21)
FN:35,(anonymous_22)
FN:36,(anonymous_23)
FN:37,(anonymous_24)
FNF:25
FNH:0
FNDA:0,(anonymous_0)
FNDA:0,(anonymous_1)
FNDA:0,(anonymous_2)
FNDA:0,(anonymous_3)
FNDA:0,(anonymous_4)
FNDA:0,(anonymous_5)
FNDA:0,(anonymous_6)
FNDA:0,(anonymous_7)
FNDA:0,(anonymous_8)
FNDA:0,(anonymous_9)
FNDA:0,(anonymous_10)
FNDA:0,(anonymous_11)
FNDA:0,(anonymous_12)
FNDA:0,(anonymous_13)
FNDA:0,(anonymous_14)
FNDA:0,(anonymous_15)
FNDA:0,(anonymous_16)
FNDA:0,(anonymous_17)
FNDA:0,(anonymous_18)
FNDA:0,(anonymous_19)
FNDA:0,(anonymous_20)
FNDA:0,(anonymous_21)
FNDA:0,(anonymous_22)
FNDA:0,(anonymous_23)
FNDA:0,(anonymous_24)
DA:12,1
DA:13,0
DA:14,0
DA:15,0
DA:16,0
DA:17,0
DA:18,0
DA:19,0
DA:20,0
DA:21,0
DA:22,0
DA:23,0
DA:24,0
DA:25,0
DA:26,0
DA:27,0
DA:28,0
DA:29,0
DA:30,0
DA:31,0
DA:32,0
DA:33,0
DA:34,0
DA:35,0
DA:36,0
DA:37,0
LF:26
LH:1
BRF:0
BRH:0
end_of_record
TN:
SF:/Users/zacharymink/react-axl/src/components/Modules/SmartElements/load-semodules.js
FN:10,(anonymous_0)
FN:11,(anonymous_1)
FN:12,(anonymous_2)
FN:13,(anonymous_3)
FN:14,(anonymous_4)
FN:15,(anonymous_5)
FN:16,(anonymous_6)
FN:17,(anonymous_7)
FN:18,(anonymous_8)
FN:19,(anonymous_9)
FN:20,(anonymous_10)
FN:21,(anonymous_11)
FN:22,(anonymous_12)
FN:23,(anonymous_13)
FNF:14
FNH:0
FNDA:0,(anonymous_0)
FNDA:0,(anonymous_1)
FNDA:0,(anonymous_2)
FNDA:0,(anonymous_3)
FNDA:0,(anonymous_4)
FNDA:0,(anonymous_5)
FNDA:0,(anonymous_6)
FNDA:0,(anonymous_7)
FNDA:0,(anonymous_8)
FNDA:0,(anonymous_9)
FNDA:0,(anonymous_10)
FNDA:0,(anonymous_11)
FNDA:0,(anonymous_12)
FNDA:0,(anonymous_13)
DA:9,1
DA:10,0
DA:11,0
DA:12,0
DA:13,0
DA:14,0
DA:15,0
DA:16,0
DA:17,0
DA:18,0
DA:19,0
DA:20,0
DA:21,0
DA:22,0
DA:23,0
LF:15
LH:1
BRF:0
BRH:0
end_of_record
TN:
SF:/Users/zacharymink/react-axl/src/components/Utils/Scale.jsx
FN:8,useRenderedSizes
FN:14,(anonymous_1)
FN:20,(anonymous_2)
FN:36,useParentSize
FN:58,ScaleRendered
FN:62,(anonymous_5)
FN:92,AxioBusScale
FN:99,(anonymous_7)
FN:105,(anonymous_8)
FN:130,calcTransform
FN:137,getAxioSize
FN:149,getBusSize
FN:152,(anonymous_12)
FNF:13
FNH:7
FNDA:0,useRenderedSizes
FNDA:0,(anonymous_1)
FNDA:0,(anonymous_2)
FNDA:5,useParentSize
FNDA:0,ScaleRendered
FNDA:0,(anonymous_5)
FNDA:5,AxioBusScale
FNDA:2,(anonymous_7)
FNDA:13,(anonymous_8)
FNDA:0,calcTransform
FNDA:13,getAxioSize
FNDA:5,getBusSize
FNDA:13,(anonymous_12)
DA:6,1
DA:9,0
DA:11,0
DA:12,0
DA:14,0
DA:15,0
DA:16,0
DA:17,0
DA:18,0
DA:19,0
DA:20,0
DA:22,0
DA:23,0
DA:24,0
DA:26,0
DA:27,0
DA:32,0
DA:37,5
DA:39,5
DA:41,5
DA:43,0
DA:44,0
DA:46,0
DA:47,0
DA:49,0
DA:50,0
DA:52,0
DA:55,5
DA:59,0
DA:60,0
DA:62,0
DA:63,0
DA:66,0
DA:67,0
DA:69,0
DA:70,0
DA:73,0
DA:74,0
DA:77,0
DA:78,0
DA:81,0
DA:93,5
DA:94,5
DA:95,5
DA:96,5
DA:97,5
DA:99,5
DA:100,2
DA:103,5
DA:104,5
DA:105,5
DA:106,13
DA:109,0
DA:111,5
DA:115,5
DA:118,5
DA:119,0
DA:122,5
DA:123,0
DA:127,5
DA:131,0
DA:132,0
DA:134,0
DA:138,13
DA:139,13
DA:142,13
DA:143,13
DA:145,13
DA:150,5
DA:151,5
DA:152,5
DA:153,13
DA:154,13
DA:155,13
DA:157,5
LF:75
LH:33
BRDA:15,0,0,0
BRDA:15,0,1,0
BRDA:41,1,0,0
BRDA:41,1,1,5
BRDA:69,2,0,0
BRDA:69,2,1,0
BRDA:69,3,0,0
BRDA:69,3,1,0
BRDA:73,4,0,0
BRDA:73,4,1,0
BRDA:73,5,0,0
BRDA:73,5,1,0
BRDA:77,6,0,0
BRDA:77,6,1,0
BRDA:104,7,0,5
BRDA:104,7,1,0
BRDA:118,8,0,0
BRDA:118,8,1,5
BRDA:118,9,0,5
BRDA:118,9,1,0
BRDA:122,10,0,0
BRDA:122,10,1,5
BRDA:122,11,0,5
BRDA:122,11,1,0
BRDA:127,12,0,0
BRDA:127,12,1,5
BRDA:127,13,0,5
BRDA:127,13,1,2
BRDA:134,14,0,0
BRDA:134,14,1,0
BRDA:138,15,0,13
BRDA:138,15,1,13
BRF:32
BRH:11
end_of_record
TN:
SF:/Users/zacharymink/react-axl/src/components/Utils/AxioLoader/AxioLoader.jsx
FN:11,AxioLoader
FNF:1
FNH:0
FNDA:0,AxioLoader
DA:12,0
DA:13,0
DA:22,1
LF:3
LH:1
BRF:0
BRH:0
end_of_record
